ARM GAS  C:\Users\Nathan\AppData\Local\Temp\ccWdJK5T.s 			page 1


   1              		.cpu cortex-m4
   2              		.arch armv7e-m
   3              		.fpu fpv4-sp-d16
   4              		.eabi_attribute 27, 1
   5              		.eabi_attribute 28, 1
   6              		.eabi_attribute 20, 1
   7              		.eabi_attribute 21, 1
   8              		.eabi_attribute 23, 3
   9              		.eabi_attribute 24, 1
  10              		.eabi_attribute 25, 1
  11              		.eabi_attribute 26, 1
  12              		.eabi_attribute 30, 1
  13              		.eabi_attribute 34, 1
  14              		.eabi_attribute 18, 4
  15              		.file	"stm32f4xx_hal_msp.c"
  16              		.text
  17              	.Ltext0:
  18              		.cfi_sections	.debug_frame
  19              		.file 1 "Core/Src/stm32f4xx_hal_msp.c"
  20              		.section	.text.HAL_MspInit,"ax",%progbits
  21              		.align	1
  22              		.global	HAL_MspInit
  23              		.syntax unified
  24              		.thumb
  25              		.thumb_func
  27              	HAL_MspInit:
  28              	.LFB134:
   1:Core/Src/stm32f4xx_hal_msp.c **** /* USER CODE BEGIN Header */
   2:Core/Src/stm32f4xx_hal_msp.c **** /**
   3:Core/Src/stm32f4xx_hal_msp.c ****   ******************************************************************************
   4:Core/Src/stm32f4xx_hal_msp.c ****   * @file         stm32f4xx_hal_msp.c
   5:Core/Src/stm32f4xx_hal_msp.c ****   * @brief        This file provides code for the MSP Initialization
   6:Core/Src/stm32f4xx_hal_msp.c ****   *               and de-Initialization codes.
   7:Core/Src/stm32f4xx_hal_msp.c ****   ******************************************************************************
   8:Core/Src/stm32f4xx_hal_msp.c ****   * @attention
   9:Core/Src/stm32f4xx_hal_msp.c ****   *
  10:Core/Src/stm32f4xx_hal_msp.c ****   * Copyright (c) 2024 STMicroelectronics.
  11:Core/Src/stm32f4xx_hal_msp.c ****   * All rights reserved.
  12:Core/Src/stm32f4xx_hal_msp.c ****   *
  13:Core/Src/stm32f4xx_hal_msp.c ****   * This software is licensed under terms that can be found in the LICENSE file
  14:Core/Src/stm32f4xx_hal_msp.c ****   * in the root directory of this software component.
  15:Core/Src/stm32f4xx_hal_msp.c ****   * If no LICENSE file comes with this software, it is provided AS-IS.
  16:Core/Src/stm32f4xx_hal_msp.c ****   *
  17:Core/Src/stm32f4xx_hal_msp.c ****   ******************************************************************************
  18:Core/Src/stm32f4xx_hal_msp.c ****   */
  19:Core/Src/stm32f4xx_hal_msp.c **** /* USER CODE END Header */
  20:Core/Src/stm32f4xx_hal_msp.c **** 
  21:Core/Src/stm32f4xx_hal_msp.c **** /* Includes ------------------------------------------------------------------*/
  22:Core/Src/stm32f4xx_hal_msp.c **** #include "main.h"
  23:Core/Src/stm32f4xx_hal_msp.c **** /* USER CODE BEGIN Includes */
  24:Core/Src/stm32f4xx_hal_msp.c **** 
  25:Core/Src/stm32f4xx_hal_msp.c **** /* USER CODE END Includes */
  26:Core/Src/stm32f4xx_hal_msp.c **** 
  27:Core/Src/stm32f4xx_hal_msp.c **** /* Private typedef -----------------------------------------------------------*/
  28:Core/Src/stm32f4xx_hal_msp.c **** /* USER CODE BEGIN TD */
  29:Core/Src/stm32f4xx_hal_msp.c **** 
  30:Core/Src/stm32f4xx_hal_msp.c **** /* USER CODE END TD */
ARM GAS  C:\Users\Nathan\AppData\Local\Temp\ccWdJK5T.s 			page 2


  31:Core/Src/stm32f4xx_hal_msp.c **** 
  32:Core/Src/stm32f4xx_hal_msp.c **** /* Private define ------------------------------------------------------------*/
  33:Core/Src/stm32f4xx_hal_msp.c **** /* USER CODE BEGIN Define */
  34:Core/Src/stm32f4xx_hal_msp.c **** 
  35:Core/Src/stm32f4xx_hal_msp.c **** /* USER CODE END Define */
  36:Core/Src/stm32f4xx_hal_msp.c **** 
  37:Core/Src/stm32f4xx_hal_msp.c **** /* Private macro -------------------------------------------------------------*/
  38:Core/Src/stm32f4xx_hal_msp.c **** /* USER CODE BEGIN Macro */
  39:Core/Src/stm32f4xx_hal_msp.c **** 
  40:Core/Src/stm32f4xx_hal_msp.c **** /* USER CODE END Macro */
  41:Core/Src/stm32f4xx_hal_msp.c **** 
  42:Core/Src/stm32f4xx_hal_msp.c **** /* Private variables ---------------------------------------------------------*/
  43:Core/Src/stm32f4xx_hal_msp.c **** /* USER CODE BEGIN PV */
  44:Core/Src/stm32f4xx_hal_msp.c **** 
  45:Core/Src/stm32f4xx_hal_msp.c **** /* USER CODE END PV */
  46:Core/Src/stm32f4xx_hal_msp.c **** 
  47:Core/Src/stm32f4xx_hal_msp.c **** /* Private function prototypes -----------------------------------------------*/
  48:Core/Src/stm32f4xx_hal_msp.c **** /* USER CODE BEGIN PFP */
  49:Core/Src/stm32f4xx_hal_msp.c **** 
  50:Core/Src/stm32f4xx_hal_msp.c **** /* USER CODE END PFP */
  51:Core/Src/stm32f4xx_hal_msp.c **** 
  52:Core/Src/stm32f4xx_hal_msp.c **** /* External functions --------------------------------------------------------*/
  53:Core/Src/stm32f4xx_hal_msp.c **** /* USER CODE BEGIN ExternalFunctions */
  54:Core/Src/stm32f4xx_hal_msp.c **** 
  55:Core/Src/stm32f4xx_hal_msp.c **** /* USER CODE END ExternalFunctions */
  56:Core/Src/stm32f4xx_hal_msp.c **** 
  57:Core/Src/stm32f4xx_hal_msp.c **** /* USER CODE BEGIN 0 */
  58:Core/Src/stm32f4xx_hal_msp.c **** 
  59:Core/Src/stm32f4xx_hal_msp.c **** /* USER CODE END 0 */
  60:Core/Src/stm32f4xx_hal_msp.c **** /**
  61:Core/Src/stm32f4xx_hal_msp.c ****   * Initializes the Global MSP.
  62:Core/Src/stm32f4xx_hal_msp.c ****   */
  63:Core/Src/stm32f4xx_hal_msp.c **** void HAL_MspInit(void)
  64:Core/Src/stm32f4xx_hal_msp.c **** {
  29              		.loc 1 64 1 view -0
  30              		.cfi_startproc
  31              		@ args = 0, pretend = 0, frame = 8
  32              		@ frame_needed = 0, uses_anonymous_args = 0
  33              		@ link register save eliminated.
  34 0000 82B0     		sub	sp, sp, #8
  35              		.cfi_def_cfa_offset 8
  65:Core/Src/stm32f4xx_hal_msp.c **** 
  66:Core/Src/stm32f4xx_hal_msp.c ****   /* USER CODE BEGIN MspInit 0 */
  67:Core/Src/stm32f4xx_hal_msp.c **** 
  68:Core/Src/stm32f4xx_hal_msp.c ****   /* USER CODE END MspInit 0 */
  69:Core/Src/stm32f4xx_hal_msp.c **** 
  70:Core/Src/stm32f4xx_hal_msp.c ****   __HAL_RCC_SYSCFG_CLK_ENABLE();
  36              		.loc 1 70 3 view .LVU1
  37              	.LBB2:
  38              		.loc 1 70 3 view .LVU2
  39 0002 0021     		movs	r1, #0
  40 0004 0091     		str	r1, [sp]
  41              		.loc 1 70 3 view .LVU3
  42 0006 0B4B     		ldr	r3, .L3
  43 0008 5A6C     		ldr	r2, [r3, #68]
  44 000a 42F48042 		orr	r2, r2, #16384
  45 000e 5A64     		str	r2, [r3, #68]
ARM GAS  C:\Users\Nathan\AppData\Local\Temp\ccWdJK5T.s 			page 3


  46              		.loc 1 70 3 view .LVU4
  47 0010 5A6C     		ldr	r2, [r3, #68]
  48 0012 02F48042 		and	r2, r2, #16384
  49 0016 0092     		str	r2, [sp]
  50              		.loc 1 70 3 view .LVU5
  51 0018 009A     		ldr	r2, [sp]
  52              	.LBE2:
  53              		.loc 1 70 3 view .LVU6
  71:Core/Src/stm32f4xx_hal_msp.c ****   __HAL_RCC_PWR_CLK_ENABLE();
  54              		.loc 1 71 3 view .LVU7
  55              	.LBB3:
  56              		.loc 1 71 3 view .LVU8
  57 001a 0191     		str	r1, [sp, #4]
  58              		.loc 1 71 3 view .LVU9
  59 001c 1A6C     		ldr	r2, [r3, #64]
  60 001e 42F08052 		orr	r2, r2, #268435456
  61 0022 1A64     		str	r2, [r3, #64]
  62              		.loc 1 71 3 view .LVU10
  63 0024 1B6C     		ldr	r3, [r3, #64]
  64 0026 03F08053 		and	r3, r3, #268435456
  65 002a 0193     		str	r3, [sp, #4]
  66              		.loc 1 71 3 view .LVU11
  67 002c 019B     		ldr	r3, [sp, #4]
  68              	.LBE3:
  69              		.loc 1 71 3 view .LVU12
  72:Core/Src/stm32f4xx_hal_msp.c **** 
  73:Core/Src/stm32f4xx_hal_msp.c ****   /* System interrupt init*/
  74:Core/Src/stm32f4xx_hal_msp.c **** 
  75:Core/Src/stm32f4xx_hal_msp.c ****   /* USER CODE BEGIN MspInit 1 */
  76:Core/Src/stm32f4xx_hal_msp.c **** 
  77:Core/Src/stm32f4xx_hal_msp.c ****   /* USER CODE END MspInit 1 */
  78:Core/Src/stm32f4xx_hal_msp.c **** }
  70              		.loc 1 78 1 is_stmt 0 view .LVU13
  71 002e 02B0     		add	sp, sp, #8
  72              		.cfi_def_cfa_offset 0
  73              		@ sp needed
  74 0030 7047     		bx	lr
  75              	.L4:
  76 0032 00BF     		.align	2
  77              	.L3:
  78 0034 00380240 		.word	1073887232
  79              		.cfi_endproc
  80              	.LFE134:
  82              		.section	.text.HAL_I2C_MspInit,"ax",%progbits
  83              		.align	1
  84              		.global	HAL_I2C_MspInit
  85              		.syntax unified
  86              		.thumb
  87              		.thumb_func
  89              	HAL_I2C_MspInit:
  90              	.LVL0:
  91              	.LFB135:
  79:Core/Src/stm32f4xx_hal_msp.c **** 
  80:Core/Src/stm32f4xx_hal_msp.c **** /**
  81:Core/Src/stm32f4xx_hal_msp.c **** * @brief I2C MSP Initialization
  82:Core/Src/stm32f4xx_hal_msp.c **** * This function configures the hardware resources used in this example
  83:Core/Src/stm32f4xx_hal_msp.c **** * @param hi2c: I2C handle pointer
ARM GAS  C:\Users\Nathan\AppData\Local\Temp\ccWdJK5T.s 			page 4


  84:Core/Src/stm32f4xx_hal_msp.c **** * @retval None
  85:Core/Src/stm32f4xx_hal_msp.c **** */
  86:Core/Src/stm32f4xx_hal_msp.c **** void HAL_I2C_MspInit(I2C_HandleTypeDef* hi2c)
  87:Core/Src/stm32f4xx_hal_msp.c **** {
  92              		.loc 1 87 1 is_stmt 1 view -0
  93              		.cfi_startproc
  94              		@ args = 0, pretend = 0, frame = 32
  95              		@ frame_needed = 0, uses_anonymous_args = 0
  96              		.loc 1 87 1 is_stmt 0 view .LVU15
  97 0000 30B5     		push	{r4, r5, lr}
  98              		.cfi_def_cfa_offset 12
  99              		.cfi_offset 4, -12
 100              		.cfi_offset 5, -8
 101              		.cfi_offset 14, -4
 102 0002 89B0     		sub	sp, sp, #36
 103              		.cfi_def_cfa_offset 48
  88:Core/Src/stm32f4xx_hal_msp.c ****   GPIO_InitTypeDef GPIO_InitStruct = {0};
 104              		.loc 1 88 3 is_stmt 1 view .LVU16
 105              		.loc 1 88 20 is_stmt 0 view .LVU17
 106 0004 0023     		movs	r3, #0
 107 0006 0393     		str	r3, [sp, #12]
 108 0008 0493     		str	r3, [sp, #16]
 109 000a 0593     		str	r3, [sp, #20]
 110 000c 0693     		str	r3, [sp, #24]
 111 000e 0793     		str	r3, [sp, #28]
  89:Core/Src/stm32f4xx_hal_msp.c ****   if(hi2c->Instance==I2C1)
 112              		.loc 1 89 3 is_stmt 1 view .LVU18
 113              		.loc 1 89 10 is_stmt 0 view .LVU19
 114 0010 0268     		ldr	r2, [r0]
 115              		.loc 1 89 5 view .LVU20
 116 0012 144B     		ldr	r3, .L9
 117 0014 9A42     		cmp	r2, r3
 118 0016 01D0     		beq	.L8
 119              	.LVL1:
 120              	.L5:
  90:Core/Src/stm32f4xx_hal_msp.c ****   {
  91:Core/Src/stm32f4xx_hal_msp.c ****   /* USER CODE BEGIN I2C1_MspInit 0 */
  92:Core/Src/stm32f4xx_hal_msp.c **** 
  93:Core/Src/stm32f4xx_hal_msp.c ****   /* USER CODE END I2C1_MspInit 0 */
  94:Core/Src/stm32f4xx_hal_msp.c **** 
  95:Core/Src/stm32f4xx_hal_msp.c ****     __HAL_RCC_GPIOB_CLK_ENABLE();
  96:Core/Src/stm32f4xx_hal_msp.c ****     /**I2C1 GPIO Configuration
  97:Core/Src/stm32f4xx_hal_msp.c ****     PB6     ------> I2C1_SCL
  98:Core/Src/stm32f4xx_hal_msp.c ****     PB7     ------> I2C1_SDA
  99:Core/Src/stm32f4xx_hal_msp.c ****     */
 100:Core/Src/stm32f4xx_hal_msp.c ****     GPIO_InitStruct.Pin = SCL_Pin|SDA_Pin;
 101:Core/Src/stm32f4xx_hal_msp.c ****     GPIO_InitStruct.Mode = GPIO_MODE_AF_OD;
 102:Core/Src/stm32f4xx_hal_msp.c ****     GPIO_InitStruct.Pull = GPIO_NOPULL;
 103:Core/Src/stm32f4xx_hal_msp.c ****     GPIO_InitStruct.Speed = GPIO_SPEED_FREQ_VERY_HIGH;
 104:Core/Src/stm32f4xx_hal_msp.c ****     GPIO_InitStruct.Alternate = GPIO_AF4_I2C1;
 105:Core/Src/stm32f4xx_hal_msp.c ****     HAL_GPIO_Init(GPIOB, &GPIO_InitStruct);
 106:Core/Src/stm32f4xx_hal_msp.c **** 
 107:Core/Src/stm32f4xx_hal_msp.c ****     /* Peripheral clock enable */
 108:Core/Src/stm32f4xx_hal_msp.c ****     __HAL_RCC_I2C1_CLK_ENABLE();
 109:Core/Src/stm32f4xx_hal_msp.c ****   /* USER CODE BEGIN I2C1_MspInit 1 */
 110:Core/Src/stm32f4xx_hal_msp.c **** 
 111:Core/Src/stm32f4xx_hal_msp.c ****   /* USER CODE END I2C1_MspInit 1 */
ARM GAS  C:\Users\Nathan\AppData\Local\Temp\ccWdJK5T.s 			page 5


 112:Core/Src/stm32f4xx_hal_msp.c **** 
 113:Core/Src/stm32f4xx_hal_msp.c ****   }
 114:Core/Src/stm32f4xx_hal_msp.c **** 
 115:Core/Src/stm32f4xx_hal_msp.c **** }
 121              		.loc 1 115 1 view .LVU21
 122 0018 09B0     		add	sp, sp, #36
 123              		.cfi_remember_state
 124              		.cfi_def_cfa_offset 12
 125              		@ sp needed
 126 001a 30BD     		pop	{r4, r5, pc}
 127              	.LVL2:
 128              	.L8:
 129              		.cfi_restore_state
  95:Core/Src/stm32f4xx_hal_msp.c ****     /**I2C1 GPIO Configuration
 130              		.loc 1 95 5 is_stmt 1 view .LVU22
 131              	.LBB4:
  95:Core/Src/stm32f4xx_hal_msp.c ****     /**I2C1 GPIO Configuration
 132              		.loc 1 95 5 view .LVU23
 133 001c 0025     		movs	r5, #0
 134 001e 0195     		str	r5, [sp, #4]
  95:Core/Src/stm32f4xx_hal_msp.c ****     /**I2C1 GPIO Configuration
 135              		.loc 1 95 5 view .LVU24
 136 0020 114C     		ldr	r4, .L9+4
 137 0022 236B     		ldr	r3, [r4, #48]
 138 0024 43F00203 		orr	r3, r3, #2
 139 0028 2363     		str	r3, [r4, #48]
  95:Core/Src/stm32f4xx_hal_msp.c ****     /**I2C1 GPIO Configuration
 140              		.loc 1 95 5 view .LVU25
 141 002a 236B     		ldr	r3, [r4, #48]
 142 002c 03F00203 		and	r3, r3, #2
 143 0030 0193     		str	r3, [sp, #4]
  95:Core/Src/stm32f4xx_hal_msp.c ****     /**I2C1 GPIO Configuration
 144              		.loc 1 95 5 view .LVU26
 145 0032 019B     		ldr	r3, [sp, #4]
 146              	.LBE4:
  95:Core/Src/stm32f4xx_hal_msp.c ****     /**I2C1 GPIO Configuration
 147              		.loc 1 95 5 view .LVU27
 100:Core/Src/stm32f4xx_hal_msp.c ****     GPIO_InitStruct.Mode = GPIO_MODE_AF_OD;
 148              		.loc 1 100 5 view .LVU28
 100:Core/Src/stm32f4xx_hal_msp.c ****     GPIO_InitStruct.Mode = GPIO_MODE_AF_OD;
 149              		.loc 1 100 25 is_stmt 0 view .LVU29
 150 0034 C023     		movs	r3, #192
 151 0036 0393     		str	r3, [sp, #12]
 101:Core/Src/stm32f4xx_hal_msp.c ****     GPIO_InitStruct.Pull = GPIO_NOPULL;
 152              		.loc 1 101 5 is_stmt 1 view .LVU30
 101:Core/Src/stm32f4xx_hal_msp.c ****     GPIO_InitStruct.Pull = GPIO_NOPULL;
 153              		.loc 1 101 26 is_stmt 0 view .LVU31
 154 0038 1223     		movs	r3, #18
 155 003a 0493     		str	r3, [sp, #16]
 102:Core/Src/stm32f4xx_hal_msp.c ****     GPIO_InitStruct.Speed = GPIO_SPEED_FREQ_VERY_HIGH;
 156              		.loc 1 102 5 is_stmt 1 view .LVU32
 103:Core/Src/stm32f4xx_hal_msp.c ****     GPIO_InitStruct.Alternate = GPIO_AF4_I2C1;
 157              		.loc 1 103 5 view .LVU33
 103:Core/Src/stm32f4xx_hal_msp.c ****     GPIO_InitStruct.Alternate = GPIO_AF4_I2C1;
 158              		.loc 1 103 27 is_stmt 0 view .LVU34
 159 003c 0323     		movs	r3, #3
 160 003e 0693     		str	r3, [sp, #24]
ARM GAS  C:\Users\Nathan\AppData\Local\Temp\ccWdJK5T.s 			page 6


 104:Core/Src/stm32f4xx_hal_msp.c ****     HAL_GPIO_Init(GPIOB, &GPIO_InitStruct);
 161              		.loc 1 104 5 is_stmt 1 view .LVU35
 104:Core/Src/stm32f4xx_hal_msp.c ****     HAL_GPIO_Init(GPIOB, &GPIO_InitStruct);
 162              		.loc 1 104 31 is_stmt 0 view .LVU36
 163 0040 0423     		movs	r3, #4
 164 0042 0793     		str	r3, [sp, #28]
 105:Core/Src/stm32f4xx_hal_msp.c **** 
 165              		.loc 1 105 5 is_stmt 1 view .LVU37
 166 0044 03A9     		add	r1, sp, #12
 167 0046 0948     		ldr	r0, .L9+8
 168              	.LVL3:
 105:Core/Src/stm32f4xx_hal_msp.c **** 
 169              		.loc 1 105 5 is_stmt 0 view .LVU38
 170 0048 FFF7FEFF 		bl	HAL_GPIO_Init
 171              	.LVL4:
 108:Core/Src/stm32f4xx_hal_msp.c ****   /* USER CODE BEGIN I2C1_MspInit 1 */
 172              		.loc 1 108 5 is_stmt 1 view .LVU39
 173              	.LBB5:
 108:Core/Src/stm32f4xx_hal_msp.c ****   /* USER CODE BEGIN I2C1_MspInit 1 */
 174              		.loc 1 108 5 view .LVU40
 175 004c 0295     		str	r5, [sp, #8]
 108:Core/Src/stm32f4xx_hal_msp.c ****   /* USER CODE BEGIN I2C1_MspInit 1 */
 176              		.loc 1 108 5 view .LVU41
 177 004e 236C     		ldr	r3, [r4, #64]
 178 0050 43F40013 		orr	r3, r3, #2097152
 179 0054 2364     		str	r3, [r4, #64]
 108:Core/Src/stm32f4xx_hal_msp.c ****   /* USER CODE BEGIN I2C1_MspInit 1 */
 180              		.loc 1 108 5 view .LVU42
 181 0056 236C     		ldr	r3, [r4, #64]
 182 0058 03F40013 		and	r3, r3, #2097152
 183 005c 0293     		str	r3, [sp, #8]
 108:Core/Src/stm32f4xx_hal_msp.c ****   /* USER CODE BEGIN I2C1_MspInit 1 */
 184              		.loc 1 108 5 view .LVU43
 185 005e 029B     		ldr	r3, [sp, #8]
 186              	.LBE5:
 108:Core/Src/stm32f4xx_hal_msp.c ****   /* USER CODE BEGIN I2C1_MspInit 1 */
 187              		.loc 1 108 5 discriminator 1 view .LVU44
 188              		.loc 1 115 1 is_stmt 0 view .LVU45
 189 0060 DAE7     		b	.L5
 190              	.L10:
 191 0062 00BF     		.align	2
 192              	.L9:
 193 0064 00540040 		.word	1073763328
 194 0068 00380240 		.word	1073887232
 195 006c 00040240 		.word	1073873920
 196              		.cfi_endproc
 197              	.LFE135:
 199              		.section	.text.HAL_I2C_MspDeInit,"ax",%progbits
 200              		.align	1
 201              		.global	HAL_I2C_MspDeInit
 202              		.syntax unified
 203              		.thumb
 204              		.thumb_func
 206              	HAL_I2C_MspDeInit:
 207              	.LVL5:
 208              	.LFB136:
 116:Core/Src/stm32f4xx_hal_msp.c **** 
ARM GAS  C:\Users\Nathan\AppData\Local\Temp\ccWdJK5T.s 			page 7


 117:Core/Src/stm32f4xx_hal_msp.c **** /**
 118:Core/Src/stm32f4xx_hal_msp.c **** * @brief I2C MSP De-Initialization
 119:Core/Src/stm32f4xx_hal_msp.c **** * This function freeze the hardware resources used in this example
 120:Core/Src/stm32f4xx_hal_msp.c **** * @param hi2c: I2C handle pointer
 121:Core/Src/stm32f4xx_hal_msp.c **** * @retval None
 122:Core/Src/stm32f4xx_hal_msp.c **** */
 123:Core/Src/stm32f4xx_hal_msp.c **** void HAL_I2C_MspDeInit(I2C_HandleTypeDef* hi2c)
 124:Core/Src/stm32f4xx_hal_msp.c **** {
 209              		.loc 1 124 1 is_stmt 1 view -0
 210              		.cfi_startproc
 211              		@ args = 0, pretend = 0, frame = 0
 212              		@ frame_needed = 0, uses_anonymous_args = 0
 125:Core/Src/stm32f4xx_hal_msp.c ****   if(hi2c->Instance==I2C1)
 213              		.loc 1 125 3 view .LVU47
 214              		.loc 1 125 10 is_stmt 0 view .LVU48
 215 0000 0268     		ldr	r2, [r0]
 216              		.loc 1 125 5 view .LVU49
 217 0002 0A4B     		ldr	r3, .L18
 218 0004 9A42     		cmp	r2, r3
 219 0006 00D0     		beq	.L17
 220 0008 7047     		bx	lr
 221              	.L17:
 124:Core/Src/stm32f4xx_hal_msp.c ****   if(hi2c->Instance==I2C1)
 222              		.loc 1 124 1 view .LVU50
 223 000a 10B5     		push	{r4, lr}
 224              		.cfi_def_cfa_offset 8
 225              		.cfi_offset 4, -8
 226              		.cfi_offset 14, -4
 126:Core/Src/stm32f4xx_hal_msp.c ****   {
 127:Core/Src/stm32f4xx_hal_msp.c ****   /* USER CODE BEGIN I2C1_MspDeInit 0 */
 128:Core/Src/stm32f4xx_hal_msp.c **** 
 129:Core/Src/stm32f4xx_hal_msp.c ****   /* USER CODE END I2C1_MspDeInit 0 */
 130:Core/Src/stm32f4xx_hal_msp.c ****     /* Peripheral clock disable */
 131:Core/Src/stm32f4xx_hal_msp.c ****     __HAL_RCC_I2C1_CLK_DISABLE();
 227              		.loc 1 131 5 is_stmt 1 view .LVU51
 228 000c 084A     		ldr	r2, .L18+4
 229 000e 136C     		ldr	r3, [r2, #64]
 230 0010 23F40013 		bic	r3, r3, #2097152
 231 0014 1364     		str	r3, [r2, #64]
 132:Core/Src/stm32f4xx_hal_msp.c **** 
 133:Core/Src/stm32f4xx_hal_msp.c ****     /**I2C1 GPIO Configuration
 134:Core/Src/stm32f4xx_hal_msp.c ****     PB6     ------> I2C1_SCL
 135:Core/Src/stm32f4xx_hal_msp.c ****     PB7     ------> I2C1_SDA
 136:Core/Src/stm32f4xx_hal_msp.c ****     */
 137:Core/Src/stm32f4xx_hal_msp.c ****     HAL_GPIO_DeInit(SCL_GPIO_Port, SCL_Pin);
 232              		.loc 1 137 5 view .LVU52
 233 0016 074C     		ldr	r4, .L18+8
 234 0018 4021     		movs	r1, #64
 235 001a 2046     		mov	r0, r4
 236              	.LVL6:
 237              		.loc 1 137 5 is_stmt 0 view .LVU53
 238 001c FFF7FEFF 		bl	HAL_GPIO_DeInit
 239              	.LVL7:
 138:Core/Src/stm32f4xx_hal_msp.c **** 
 139:Core/Src/stm32f4xx_hal_msp.c ****     HAL_GPIO_DeInit(SDA_GPIO_Port, SDA_Pin);
 240              		.loc 1 139 5 is_stmt 1 view .LVU54
 241 0020 8021     		movs	r1, #128
ARM GAS  C:\Users\Nathan\AppData\Local\Temp\ccWdJK5T.s 			page 8


 242 0022 2046     		mov	r0, r4
 243 0024 FFF7FEFF 		bl	HAL_GPIO_DeInit
 244              	.LVL8:
 140:Core/Src/stm32f4xx_hal_msp.c **** 
 141:Core/Src/stm32f4xx_hal_msp.c ****   /* USER CODE BEGIN I2C1_MspDeInit 1 */
 142:Core/Src/stm32f4xx_hal_msp.c **** 
 143:Core/Src/stm32f4xx_hal_msp.c ****   /* USER CODE END I2C1_MspDeInit 1 */
 144:Core/Src/stm32f4xx_hal_msp.c ****   }
 145:Core/Src/stm32f4xx_hal_msp.c **** 
 146:Core/Src/stm32f4xx_hal_msp.c **** }
 245              		.loc 1 146 1 is_stmt 0 view .LVU55
 246 0028 10BD     		pop	{r4, pc}
 247              	.L19:
 248 002a 00BF     		.align	2
 249              	.L18:
 250 002c 00540040 		.word	1073763328
 251 0030 00380240 		.word	1073887232
 252 0034 00040240 		.word	1073873920
 253              		.cfi_endproc
 254              	.LFE136:
 256              		.section	.text.HAL_SD_MspInit,"ax",%progbits
 257              		.align	1
 258              		.global	HAL_SD_MspInit
 259              		.syntax unified
 260              		.thumb
 261              		.thumb_func
 263              	HAL_SD_MspInit:
 264              	.LVL9:
 265              	.LFB137:
 147:Core/Src/stm32f4xx_hal_msp.c **** 
 148:Core/Src/stm32f4xx_hal_msp.c **** /**
 149:Core/Src/stm32f4xx_hal_msp.c **** * @brief SD MSP Initialization
 150:Core/Src/stm32f4xx_hal_msp.c **** * This function configures the hardware resources used in this example
 151:Core/Src/stm32f4xx_hal_msp.c **** * @param hsd: SD handle pointer
 152:Core/Src/stm32f4xx_hal_msp.c **** * @retval None
 153:Core/Src/stm32f4xx_hal_msp.c **** */
 154:Core/Src/stm32f4xx_hal_msp.c **** void HAL_SD_MspInit(SD_HandleTypeDef* hsd)
 155:Core/Src/stm32f4xx_hal_msp.c **** {
 266              		.loc 1 155 1 is_stmt 1 view -0
 267              		.cfi_startproc
 268              		@ args = 0, pretend = 0, frame = 32
 269              		@ frame_needed = 0, uses_anonymous_args = 0
 270              		.loc 1 155 1 is_stmt 0 view .LVU57
 271 0000 F0B5     		push	{r4, r5, r6, r7, lr}
 272              		.cfi_def_cfa_offset 20
 273              		.cfi_offset 4, -20
 274              		.cfi_offset 5, -16
 275              		.cfi_offset 6, -12
 276              		.cfi_offset 7, -8
 277              		.cfi_offset 14, -4
 278 0002 89B0     		sub	sp, sp, #36
 279              		.cfi_def_cfa_offset 56
 156:Core/Src/stm32f4xx_hal_msp.c ****   GPIO_InitTypeDef GPIO_InitStruct = {0};
 280              		.loc 1 156 3 is_stmt 1 view .LVU58
 281              		.loc 1 156 20 is_stmt 0 view .LVU59
 282 0004 0023     		movs	r3, #0
 283 0006 0393     		str	r3, [sp, #12]
ARM GAS  C:\Users\Nathan\AppData\Local\Temp\ccWdJK5T.s 			page 9


 284 0008 0493     		str	r3, [sp, #16]
 285 000a 0593     		str	r3, [sp, #20]
 286 000c 0693     		str	r3, [sp, #24]
 287 000e 0793     		str	r3, [sp, #28]
 157:Core/Src/stm32f4xx_hal_msp.c ****   if(hsd->Instance==SDIO)
 288              		.loc 1 157 3 is_stmt 1 view .LVU60
 289              		.loc 1 157 9 is_stmt 0 view .LVU61
 290 0010 0268     		ldr	r2, [r0]
 291              		.loc 1 157 5 view .LVU62
 292 0012 204B     		ldr	r3, .L24
 293 0014 9A42     		cmp	r2, r3
 294 0016 01D0     		beq	.L23
 295              	.LVL10:
 296              	.L20:
 158:Core/Src/stm32f4xx_hal_msp.c ****   {
 159:Core/Src/stm32f4xx_hal_msp.c ****   /* USER CODE BEGIN SDIO_MspInit 0 */
 160:Core/Src/stm32f4xx_hal_msp.c **** 
 161:Core/Src/stm32f4xx_hal_msp.c ****   /* USER CODE END SDIO_MspInit 0 */
 162:Core/Src/stm32f4xx_hal_msp.c ****     /* Peripheral clock enable */
 163:Core/Src/stm32f4xx_hal_msp.c ****     __HAL_RCC_SDIO_CLK_ENABLE();
 164:Core/Src/stm32f4xx_hal_msp.c **** 
 165:Core/Src/stm32f4xx_hal_msp.c ****     __HAL_RCC_GPIOC_CLK_ENABLE();
 166:Core/Src/stm32f4xx_hal_msp.c ****     __HAL_RCC_GPIOD_CLK_ENABLE();
 167:Core/Src/stm32f4xx_hal_msp.c ****     /**SDIO GPIO Configuration
 168:Core/Src/stm32f4xx_hal_msp.c ****     PC8     ------> SDIO_D0
 169:Core/Src/stm32f4xx_hal_msp.c ****     PC12     ------> SDIO_CK
 170:Core/Src/stm32f4xx_hal_msp.c ****     PD2     ------> SDIO_CMD
 171:Core/Src/stm32f4xx_hal_msp.c ****     */
 172:Core/Src/stm32f4xx_hal_msp.c ****     GPIO_InitStruct.Pin = GPIO_PIN_8|GPIO_PIN_12;
 173:Core/Src/stm32f4xx_hal_msp.c ****     GPIO_InitStruct.Mode = GPIO_MODE_AF_PP;
 174:Core/Src/stm32f4xx_hal_msp.c ****     GPIO_InitStruct.Pull = GPIO_NOPULL;
 175:Core/Src/stm32f4xx_hal_msp.c ****     GPIO_InitStruct.Speed = GPIO_SPEED_FREQ_VERY_HIGH;
 176:Core/Src/stm32f4xx_hal_msp.c ****     GPIO_InitStruct.Alternate = GPIO_AF12_SDIO;
 177:Core/Src/stm32f4xx_hal_msp.c ****     HAL_GPIO_Init(GPIOC, &GPIO_InitStruct);
 178:Core/Src/stm32f4xx_hal_msp.c **** 
 179:Core/Src/stm32f4xx_hal_msp.c ****     GPIO_InitStruct.Pin = GPIO_PIN_2;
 180:Core/Src/stm32f4xx_hal_msp.c ****     GPIO_InitStruct.Mode = GPIO_MODE_AF_PP;
 181:Core/Src/stm32f4xx_hal_msp.c ****     GPIO_InitStruct.Pull = GPIO_NOPULL;
 182:Core/Src/stm32f4xx_hal_msp.c ****     GPIO_InitStruct.Speed = GPIO_SPEED_FREQ_VERY_HIGH;
 183:Core/Src/stm32f4xx_hal_msp.c ****     GPIO_InitStruct.Alternate = GPIO_AF12_SDIO;
 184:Core/Src/stm32f4xx_hal_msp.c ****     HAL_GPIO_Init(GPIOD, &GPIO_InitStruct);
 185:Core/Src/stm32f4xx_hal_msp.c **** 
 186:Core/Src/stm32f4xx_hal_msp.c ****   /* USER CODE BEGIN SDIO_MspInit 1 */
 187:Core/Src/stm32f4xx_hal_msp.c **** 
 188:Core/Src/stm32f4xx_hal_msp.c ****   /* USER CODE END SDIO_MspInit 1 */
 189:Core/Src/stm32f4xx_hal_msp.c **** 
 190:Core/Src/stm32f4xx_hal_msp.c ****   }
 191:Core/Src/stm32f4xx_hal_msp.c **** 
 192:Core/Src/stm32f4xx_hal_msp.c **** }
 297              		.loc 1 192 1 view .LVU63
 298 0018 09B0     		add	sp, sp, #36
 299              		.cfi_remember_state
 300              		.cfi_def_cfa_offset 20
 301              		@ sp needed
 302 001a F0BD     		pop	{r4, r5, r6, r7, pc}
 303              	.LVL11:
 304              	.L23:
ARM GAS  C:\Users\Nathan\AppData\Local\Temp\ccWdJK5T.s 			page 10


 305              		.cfi_restore_state
 163:Core/Src/stm32f4xx_hal_msp.c **** 
 306              		.loc 1 163 5 is_stmt 1 view .LVU64
 307              	.LBB6:
 163:Core/Src/stm32f4xx_hal_msp.c **** 
 308              		.loc 1 163 5 view .LVU65
 309 001c 0024     		movs	r4, #0
 310 001e 0094     		str	r4, [sp]
 163:Core/Src/stm32f4xx_hal_msp.c **** 
 311              		.loc 1 163 5 view .LVU66
 312 0020 03F58633 		add	r3, r3, #68608
 313 0024 5A6C     		ldr	r2, [r3, #68]
 314 0026 42F40062 		orr	r2, r2, #2048
 315 002a 5A64     		str	r2, [r3, #68]
 163:Core/Src/stm32f4xx_hal_msp.c **** 
 316              		.loc 1 163 5 view .LVU67
 317 002c 5A6C     		ldr	r2, [r3, #68]
 318 002e 02F40062 		and	r2, r2, #2048
 319 0032 0092     		str	r2, [sp]
 163:Core/Src/stm32f4xx_hal_msp.c **** 
 320              		.loc 1 163 5 view .LVU68
 321 0034 009A     		ldr	r2, [sp]
 322              	.LBE6:
 163:Core/Src/stm32f4xx_hal_msp.c **** 
 323              		.loc 1 163 5 view .LVU69
 165:Core/Src/stm32f4xx_hal_msp.c ****     __HAL_RCC_GPIOD_CLK_ENABLE();
 324              		.loc 1 165 5 view .LVU70
 325              	.LBB7:
 165:Core/Src/stm32f4xx_hal_msp.c ****     __HAL_RCC_GPIOD_CLK_ENABLE();
 326              		.loc 1 165 5 view .LVU71
 327 0036 0194     		str	r4, [sp, #4]
 165:Core/Src/stm32f4xx_hal_msp.c ****     __HAL_RCC_GPIOD_CLK_ENABLE();
 328              		.loc 1 165 5 view .LVU72
 329 0038 1A6B     		ldr	r2, [r3, #48]
 330 003a 42F00402 		orr	r2, r2, #4
 331 003e 1A63     		str	r2, [r3, #48]
 165:Core/Src/stm32f4xx_hal_msp.c ****     __HAL_RCC_GPIOD_CLK_ENABLE();
 332              		.loc 1 165 5 view .LVU73
 333 0040 1A6B     		ldr	r2, [r3, #48]
 334 0042 02F00402 		and	r2, r2, #4
 335 0046 0192     		str	r2, [sp, #4]
 165:Core/Src/stm32f4xx_hal_msp.c ****     __HAL_RCC_GPIOD_CLK_ENABLE();
 336              		.loc 1 165 5 view .LVU74
 337 0048 019A     		ldr	r2, [sp, #4]
 338              	.LBE7:
 165:Core/Src/stm32f4xx_hal_msp.c ****     __HAL_RCC_GPIOD_CLK_ENABLE();
 339              		.loc 1 165 5 view .LVU75
 166:Core/Src/stm32f4xx_hal_msp.c ****     /**SDIO GPIO Configuration
 340              		.loc 1 166 5 view .LVU76
 341              	.LBB8:
 166:Core/Src/stm32f4xx_hal_msp.c ****     /**SDIO GPIO Configuration
 342              		.loc 1 166 5 view .LVU77
 343 004a 0294     		str	r4, [sp, #8]
 166:Core/Src/stm32f4xx_hal_msp.c ****     /**SDIO GPIO Configuration
 344              		.loc 1 166 5 view .LVU78
 345 004c 1A6B     		ldr	r2, [r3, #48]
 346 004e 42F00802 		orr	r2, r2, #8
ARM GAS  C:\Users\Nathan\AppData\Local\Temp\ccWdJK5T.s 			page 11


 347 0052 1A63     		str	r2, [r3, #48]
 166:Core/Src/stm32f4xx_hal_msp.c ****     /**SDIO GPIO Configuration
 348              		.loc 1 166 5 view .LVU79
 349 0054 1B6B     		ldr	r3, [r3, #48]
 350 0056 03F00803 		and	r3, r3, #8
 351 005a 0293     		str	r3, [sp, #8]
 166:Core/Src/stm32f4xx_hal_msp.c ****     /**SDIO GPIO Configuration
 352              		.loc 1 166 5 view .LVU80
 353 005c 029B     		ldr	r3, [sp, #8]
 354              	.LBE8:
 166:Core/Src/stm32f4xx_hal_msp.c ****     /**SDIO GPIO Configuration
 355              		.loc 1 166 5 view .LVU81
 172:Core/Src/stm32f4xx_hal_msp.c ****     GPIO_InitStruct.Mode = GPIO_MODE_AF_PP;
 356              		.loc 1 172 5 view .LVU82
 172:Core/Src/stm32f4xx_hal_msp.c ****     GPIO_InitStruct.Mode = GPIO_MODE_AF_PP;
 357              		.loc 1 172 25 is_stmt 0 view .LVU83
 358 005e 4FF48853 		mov	r3, #4352
 359 0062 0393     		str	r3, [sp, #12]
 173:Core/Src/stm32f4xx_hal_msp.c ****     GPIO_InitStruct.Pull = GPIO_NOPULL;
 360              		.loc 1 173 5 is_stmt 1 view .LVU84
 173:Core/Src/stm32f4xx_hal_msp.c ****     GPIO_InitStruct.Pull = GPIO_NOPULL;
 361              		.loc 1 173 26 is_stmt 0 view .LVU85
 362 0064 0227     		movs	r7, #2
 363 0066 0497     		str	r7, [sp, #16]
 174:Core/Src/stm32f4xx_hal_msp.c ****     GPIO_InitStruct.Speed = GPIO_SPEED_FREQ_VERY_HIGH;
 364              		.loc 1 174 5 is_stmt 1 view .LVU86
 175:Core/Src/stm32f4xx_hal_msp.c ****     GPIO_InitStruct.Alternate = GPIO_AF12_SDIO;
 365              		.loc 1 175 5 view .LVU87
 175:Core/Src/stm32f4xx_hal_msp.c ****     GPIO_InitStruct.Alternate = GPIO_AF12_SDIO;
 366              		.loc 1 175 27 is_stmt 0 view .LVU88
 367 0068 0326     		movs	r6, #3
 368 006a 0696     		str	r6, [sp, #24]
 176:Core/Src/stm32f4xx_hal_msp.c ****     HAL_GPIO_Init(GPIOC, &GPIO_InitStruct);
 369              		.loc 1 176 5 is_stmt 1 view .LVU89
 176:Core/Src/stm32f4xx_hal_msp.c ****     HAL_GPIO_Init(GPIOC, &GPIO_InitStruct);
 370              		.loc 1 176 31 is_stmt 0 view .LVU90
 371 006c 0C25     		movs	r5, #12
 372 006e 0795     		str	r5, [sp, #28]
 177:Core/Src/stm32f4xx_hal_msp.c **** 
 373              		.loc 1 177 5 is_stmt 1 view .LVU91
 374 0070 0DEB0501 		add	r1, sp, r5
 375 0074 0848     		ldr	r0, .L24+4
 376              	.LVL12:
 177:Core/Src/stm32f4xx_hal_msp.c **** 
 377              		.loc 1 177 5 is_stmt 0 view .LVU92
 378 0076 FFF7FEFF 		bl	HAL_GPIO_Init
 379              	.LVL13:
 179:Core/Src/stm32f4xx_hal_msp.c ****     GPIO_InitStruct.Mode = GPIO_MODE_AF_PP;
 380              		.loc 1 179 5 is_stmt 1 view .LVU93
 179:Core/Src/stm32f4xx_hal_msp.c ****     GPIO_InitStruct.Mode = GPIO_MODE_AF_PP;
 381              		.loc 1 179 25 is_stmt 0 view .LVU94
 382 007a 0423     		movs	r3, #4
 383 007c 0393     		str	r3, [sp, #12]
 180:Core/Src/stm32f4xx_hal_msp.c ****     GPIO_InitStruct.Pull = GPIO_NOPULL;
 384              		.loc 1 180 5 is_stmt 1 view .LVU95
 180:Core/Src/stm32f4xx_hal_msp.c ****     GPIO_InitStruct.Pull = GPIO_NOPULL;
 385              		.loc 1 180 26 is_stmt 0 view .LVU96
ARM GAS  C:\Users\Nathan\AppData\Local\Temp\ccWdJK5T.s 			page 12


 386 007e 0497     		str	r7, [sp, #16]
 181:Core/Src/stm32f4xx_hal_msp.c ****     GPIO_InitStruct.Speed = GPIO_SPEED_FREQ_VERY_HIGH;
 387              		.loc 1 181 5 is_stmt 1 view .LVU97
 181:Core/Src/stm32f4xx_hal_msp.c ****     GPIO_InitStruct.Speed = GPIO_SPEED_FREQ_VERY_HIGH;
 388              		.loc 1 181 26 is_stmt 0 view .LVU98
 389 0080 0594     		str	r4, [sp, #20]
 182:Core/Src/stm32f4xx_hal_msp.c ****     GPIO_InitStruct.Alternate = GPIO_AF12_SDIO;
 390              		.loc 1 182 5 is_stmt 1 view .LVU99
 182:Core/Src/stm32f4xx_hal_msp.c ****     GPIO_InitStruct.Alternate = GPIO_AF12_SDIO;
 391              		.loc 1 182 27 is_stmt 0 view .LVU100
 392 0082 0696     		str	r6, [sp, #24]
 183:Core/Src/stm32f4xx_hal_msp.c ****     HAL_GPIO_Init(GPIOD, &GPIO_InitStruct);
 393              		.loc 1 183 5 is_stmt 1 view .LVU101
 183:Core/Src/stm32f4xx_hal_msp.c ****     HAL_GPIO_Init(GPIOD, &GPIO_InitStruct);
 394              		.loc 1 183 31 is_stmt 0 view .LVU102
 395 0084 0795     		str	r5, [sp, #28]
 184:Core/Src/stm32f4xx_hal_msp.c **** 
 396              		.loc 1 184 5 is_stmt 1 view .LVU103
 397 0086 0DEB0501 		add	r1, sp, r5
 398 008a 0448     		ldr	r0, .L24+8
 399 008c FFF7FEFF 		bl	HAL_GPIO_Init
 400              	.LVL14:
 401              		.loc 1 192 1 is_stmt 0 view .LVU104
 402 0090 C2E7     		b	.L20
 403              	.L25:
 404 0092 00BF     		.align	2
 405              	.L24:
 406 0094 002C0140 		.word	1073818624
 407 0098 00080240 		.word	1073874944
 408 009c 000C0240 		.word	1073875968
 409              		.cfi_endproc
 410              	.LFE137:
 412              		.section	.text.HAL_SD_MspDeInit,"ax",%progbits
 413              		.align	1
 414              		.global	HAL_SD_MspDeInit
 415              		.syntax unified
 416              		.thumb
 417              		.thumb_func
 419              	HAL_SD_MspDeInit:
 420              	.LVL15:
 421              	.LFB138:
 193:Core/Src/stm32f4xx_hal_msp.c **** 
 194:Core/Src/stm32f4xx_hal_msp.c **** /**
 195:Core/Src/stm32f4xx_hal_msp.c **** * @brief SD MSP De-Initialization
 196:Core/Src/stm32f4xx_hal_msp.c **** * This function freeze the hardware resources used in this example
 197:Core/Src/stm32f4xx_hal_msp.c **** * @param hsd: SD handle pointer
 198:Core/Src/stm32f4xx_hal_msp.c **** * @retval None
 199:Core/Src/stm32f4xx_hal_msp.c **** */
 200:Core/Src/stm32f4xx_hal_msp.c **** void HAL_SD_MspDeInit(SD_HandleTypeDef* hsd)
 201:Core/Src/stm32f4xx_hal_msp.c **** {
 422              		.loc 1 201 1 is_stmt 1 view -0
 423              		.cfi_startproc
 424              		@ args = 0, pretend = 0, frame = 0
 425              		@ frame_needed = 0, uses_anonymous_args = 0
 426              		.loc 1 201 1 is_stmt 0 view .LVU106
 427 0000 08B5     		push	{r3, lr}
 428              		.cfi_def_cfa_offset 8
ARM GAS  C:\Users\Nathan\AppData\Local\Temp\ccWdJK5T.s 			page 13


 429              		.cfi_offset 3, -8
 430              		.cfi_offset 14, -4
 202:Core/Src/stm32f4xx_hal_msp.c ****   if(hsd->Instance==SDIO)
 431              		.loc 1 202 3 is_stmt 1 view .LVU107
 432              		.loc 1 202 9 is_stmt 0 view .LVU108
 433 0002 0268     		ldr	r2, [r0]
 434              		.loc 1 202 5 view .LVU109
 435 0004 094B     		ldr	r3, .L30
 436 0006 9A42     		cmp	r2, r3
 437 0008 00D0     		beq	.L29
 438              	.LVL16:
 439              	.L26:
 203:Core/Src/stm32f4xx_hal_msp.c ****   {
 204:Core/Src/stm32f4xx_hal_msp.c ****   /* USER CODE BEGIN SDIO_MspDeInit 0 */
 205:Core/Src/stm32f4xx_hal_msp.c **** 
 206:Core/Src/stm32f4xx_hal_msp.c ****   /* USER CODE END SDIO_MspDeInit 0 */
 207:Core/Src/stm32f4xx_hal_msp.c ****     /* Peripheral clock disable */
 208:Core/Src/stm32f4xx_hal_msp.c ****     __HAL_RCC_SDIO_CLK_DISABLE();
 209:Core/Src/stm32f4xx_hal_msp.c **** 
 210:Core/Src/stm32f4xx_hal_msp.c ****     /**SDIO GPIO Configuration
 211:Core/Src/stm32f4xx_hal_msp.c ****     PC8     ------> SDIO_D0
 212:Core/Src/stm32f4xx_hal_msp.c ****     PC12     ------> SDIO_CK
 213:Core/Src/stm32f4xx_hal_msp.c ****     PD2     ------> SDIO_CMD
 214:Core/Src/stm32f4xx_hal_msp.c ****     */
 215:Core/Src/stm32f4xx_hal_msp.c ****     HAL_GPIO_DeInit(GPIOC, GPIO_PIN_8|GPIO_PIN_12);
 216:Core/Src/stm32f4xx_hal_msp.c **** 
 217:Core/Src/stm32f4xx_hal_msp.c ****     HAL_GPIO_DeInit(GPIOD, GPIO_PIN_2);
 218:Core/Src/stm32f4xx_hal_msp.c **** 
 219:Core/Src/stm32f4xx_hal_msp.c ****   /* USER CODE BEGIN SDIO_MspDeInit 1 */
 220:Core/Src/stm32f4xx_hal_msp.c **** 
 221:Core/Src/stm32f4xx_hal_msp.c ****   /* USER CODE END SDIO_MspDeInit 1 */
 222:Core/Src/stm32f4xx_hal_msp.c ****   }
 223:Core/Src/stm32f4xx_hal_msp.c **** 
 224:Core/Src/stm32f4xx_hal_msp.c **** }
 440              		.loc 1 224 1 view .LVU110
 441 000a 08BD     		pop	{r3, pc}
 442              	.LVL17:
 443              	.L29:
 208:Core/Src/stm32f4xx_hal_msp.c **** 
 444              		.loc 1 208 5 is_stmt 1 view .LVU111
 445 000c 084A     		ldr	r2, .L30+4
 446 000e 536C     		ldr	r3, [r2, #68]
 447 0010 23F40063 		bic	r3, r3, #2048
 448 0014 5364     		str	r3, [r2, #68]
 215:Core/Src/stm32f4xx_hal_msp.c **** 
 449              		.loc 1 215 5 view .LVU112
 450 0016 4FF48851 		mov	r1, #4352
 451 001a 0648     		ldr	r0, .L30+8
 452              	.LVL18:
 215:Core/Src/stm32f4xx_hal_msp.c **** 
 453              		.loc 1 215 5 is_stmt 0 view .LVU113
 454 001c FFF7FEFF 		bl	HAL_GPIO_DeInit
 455              	.LVL19:
 217:Core/Src/stm32f4xx_hal_msp.c **** 
 456              		.loc 1 217 5 is_stmt 1 view .LVU114
 457 0020 0421     		movs	r1, #4
 458 0022 0548     		ldr	r0, .L30+12
ARM GAS  C:\Users\Nathan\AppData\Local\Temp\ccWdJK5T.s 			page 14


 459 0024 FFF7FEFF 		bl	HAL_GPIO_DeInit
 460              	.LVL20:
 461              		.loc 1 224 1 is_stmt 0 view .LVU115
 462 0028 EFE7     		b	.L26
 463              	.L31:
 464 002a 00BF     		.align	2
 465              	.L30:
 466 002c 002C0140 		.word	1073818624
 467 0030 00380240 		.word	1073887232
 468 0034 00080240 		.word	1073874944
 469 0038 000C0240 		.word	1073875968
 470              		.cfi_endproc
 471              	.LFE138:
 473              		.section	.text.HAL_SPI_MspInit,"ax",%progbits
 474              		.align	1
 475              		.global	HAL_SPI_MspInit
 476              		.syntax unified
 477              		.thumb
 478              		.thumb_func
 480              	HAL_SPI_MspInit:
 481              	.LVL21:
 482              	.LFB139:
 225:Core/Src/stm32f4xx_hal_msp.c **** 
 226:Core/Src/stm32f4xx_hal_msp.c **** /**
 227:Core/Src/stm32f4xx_hal_msp.c **** * @brief SPI MSP Initialization
 228:Core/Src/stm32f4xx_hal_msp.c **** * This function configures the hardware resources used in this example
 229:Core/Src/stm32f4xx_hal_msp.c **** * @param hspi: SPI handle pointer
 230:Core/Src/stm32f4xx_hal_msp.c **** * @retval None
 231:Core/Src/stm32f4xx_hal_msp.c **** */
 232:Core/Src/stm32f4xx_hal_msp.c **** void HAL_SPI_MspInit(SPI_HandleTypeDef* hspi)
 233:Core/Src/stm32f4xx_hal_msp.c **** {
 483              		.loc 1 233 1 is_stmt 1 view -0
 484              		.cfi_startproc
 485              		@ args = 0, pretend = 0, frame = 32
 486              		@ frame_needed = 0, uses_anonymous_args = 0
 487              		.loc 1 233 1 is_stmt 0 view .LVU117
 488 0000 00B5     		push	{lr}
 489              		.cfi_def_cfa_offset 4
 490              		.cfi_offset 14, -4
 491 0002 89B0     		sub	sp, sp, #36
 492              		.cfi_def_cfa_offset 40
 234:Core/Src/stm32f4xx_hal_msp.c ****   GPIO_InitTypeDef GPIO_InitStruct = {0};
 493              		.loc 1 234 3 is_stmt 1 view .LVU118
 494              		.loc 1 234 20 is_stmt 0 view .LVU119
 495 0004 0023     		movs	r3, #0
 496 0006 0393     		str	r3, [sp, #12]
 497 0008 0493     		str	r3, [sp, #16]
 498 000a 0593     		str	r3, [sp, #20]
 499 000c 0693     		str	r3, [sp, #24]
 500 000e 0793     		str	r3, [sp, #28]
 235:Core/Src/stm32f4xx_hal_msp.c ****   if(hspi->Instance==SPI1)
 501              		.loc 1 235 3 is_stmt 1 view .LVU120
 502              		.loc 1 235 10 is_stmt 0 view .LVU121
 503 0010 0268     		ldr	r2, [r0]
 504              		.loc 1 235 5 view .LVU122
 505 0012 154B     		ldr	r3, .L36
 506 0014 9A42     		cmp	r2, r3
ARM GAS  C:\Users\Nathan\AppData\Local\Temp\ccWdJK5T.s 			page 15


 507 0016 02D0     		beq	.L35
 508              	.LVL22:
 509              	.L32:
 236:Core/Src/stm32f4xx_hal_msp.c ****   {
 237:Core/Src/stm32f4xx_hal_msp.c ****   /* USER CODE BEGIN SPI1_MspInit 0 */
 238:Core/Src/stm32f4xx_hal_msp.c **** 
 239:Core/Src/stm32f4xx_hal_msp.c ****   /* USER CODE END SPI1_MspInit 0 */
 240:Core/Src/stm32f4xx_hal_msp.c ****     /* Peripheral clock enable */
 241:Core/Src/stm32f4xx_hal_msp.c ****     __HAL_RCC_SPI1_CLK_ENABLE();
 242:Core/Src/stm32f4xx_hal_msp.c **** 
 243:Core/Src/stm32f4xx_hal_msp.c ****     __HAL_RCC_GPIOA_CLK_ENABLE();
 244:Core/Src/stm32f4xx_hal_msp.c ****     /**SPI1 GPIO Configuration
 245:Core/Src/stm32f4xx_hal_msp.c ****     PA5     ------> SPI1_SCK
 246:Core/Src/stm32f4xx_hal_msp.c ****     PA6     ------> SPI1_MISO
 247:Core/Src/stm32f4xx_hal_msp.c ****     PA7     ------> SPI1_MOSI
 248:Core/Src/stm32f4xx_hal_msp.c ****     PA15     ------> SPI1_NSS
 249:Core/Src/stm32f4xx_hal_msp.c ****     */
 250:Core/Src/stm32f4xx_hal_msp.c ****     GPIO_InitStruct.Pin = SCK_Pin|MISO_Pin|MOSI_Pin|GPIO_PIN_15;
 251:Core/Src/stm32f4xx_hal_msp.c ****     GPIO_InitStruct.Mode = GPIO_MODE_AF_PP;
 252:Core/Src/stm32f4xx_hal_msp.c ****     GPIO_InitStruct.Pull = GPIO_NOPULL;
 253:Core/Src/stm32f4xx_hal_msp.c ****     GPIO_InitStruct.Speed = GPIO_SPEED_FREQ_VERY_HIGH;
 254:Core/Src/stm32f4xx_hal_msp.c ****     GPIO_InitStruct.Alternate = GPIO_AF5_SPI1;
 255:Core/Src/stm32f4xx_hal_msp.c ****     HAL_GPIO_Init(GPIOA, &GPIO_InitStruct);
 256:Core/Src/stm32f4xx_hal_msp.c **** 
 257:Core/Src/stm32f4xx_hal_msp.c ****   /* USER CODE BEGIN SPI1_MspInit 1 */
 258:Core/Src/stm32f4xx_hal_msp.c **** 
 259:Core/Src/stm32f4xx_hal_msp.c ****   /* USER CODE END SPI1_MspInit 1 */
 260:Core/Src/stm32f4xx_hal_msp.c **** 
 261:Core/Src/stm32f4xx_hal_msp.c ****   }
 262:Core/Src/stm32f4xx_hal_msp.c **** 
 263:Core/Src/stm32f4xx_hal_msp.c **** }
 510              		.loc 1 263 1 view .LVU123
 511 0018 09B0     		add	sp, sp, #36
 512              		.cfi_remember_state
 513              		.cfi_def_cfa_offset 4
 514              		@ sp needed
 515 001a 5DF804FB 		ldr	pc, [sp], #4
 516              	.LVL23:
 517              	.L35:
 518              		.cfi_restore_state
 241:Core/Src/stm32f4xx_hal_msp.c **** 
 519              		.loc 1 241 5 is_stmt 1 view .LVU124
 520              	.LBB9:
 241:Core/Src/stm32f4xx_hal_msp.c **** 
 521              		.loc 1 241 5 view .LVU125
 522 001e 0021     		movs	r1, #0
 523 0020 0191     		str	r1, [sp, #4]
 241:Core/Src/stm32f4xx_hal_msp.c **** 
 524              		.loc 1 241 5 view .LVU126
 525 0022 03F58433 		add	r3, r3, #67584
 526 0026 5A6C     		ldr	r2, [r3, #68]
 527 0028 42F48052 		orr	r2, r2, #4096
 528 002c 5A64     		str	r2, [r3, #68]
 241:Core/Src/stm32f4xx_hal_msp.c **** 
 529              		.loc 1 241 5 view .LVU127
 530 002e 5A6C     		ldr	r2, [r3, #68]
 531 0030 02F48052 		and	r2, r2, #4096
ARM GAS  C:\Users\Nathan\AppData\Local\Temp\ccWdJK5T.s 			page 16


 532 0034 0192     		str	r2, [sp, #4]
 241:Core/Src/stm32f4xx_hal_msp.c **** 
 533              		.loc 1 241 5 view .LVU128
 534 0036 019A     		ldr	r2, [sp, #4]
 535              	.LBE9:
 241:Core/Src/stm32f4xx_hal_msp.c **** 
 536              		.loc 1 241 5 view .LVU129
 243:Core/Src/stm32f4xx_hal_msp.c ****     /**SPI1 GPIO Configuration
 537              		.loc 1 243 5 view .LVU130
 538              	.LBB10:
 243:Core/Src/stm32f4xx_hal_msp.c ****     /**SPI1 GPIO Configuration
 539              		.loc 1 243 5 view .LVU131
 540 0038 0291     		str	r1, [sp, #8]
 243:Core/Src/stm32f4xx_hal_msp.c ****     /**SPI1 GPIO Configuration
 541              		.loc 1 243 5 view .LVU132
 542 003a 1A6B     		ldr	r2, [r3, #48]
 543 003c 42F00102 		orr	r2, r2, #1
 544 0040 1A63     		str	r2, [r3, #48]
 243:Core/Src/stm32f4xx_hal_msp.c ****     /**SPI1 GPIO Configuration
 545              		.loc 1 243 5 view .LVU133
 546 0042 1B6B     		ldr	r3, [r3, #48]
 547 0044 03F00103 		and	r3, r3, #1
 548 0048 0293     		str	r3, [sp, #8]
 243:Core/Src/stm32f4xx_hal_msp.c ****     /**SPI1 GPIO Configuration
 549              		.loc 1 243 5 view .LVU134
 550 004a 029B     		ldr	r3, [sp, #8]
 551              	.LBE10:
 243:Core/Src/stm32f4xx_hal_msp.c ****     /**SPI1 GPIO Configuration
 552              		.loc 1 243 5 view .LVU135
 250:Core/Src/stm32f4xx_hal_msp.c ****     GPIO_InitStruct.Mode = GPIO_MODE_AF_PP;
 553              		.loc 1 250 5 view .LVU136
 250:Core/Src/stm32f4xx_hal_msp.c ****     GPIO_InitStruct.Mode = GPIO_MODE_AF_PP;
 554              		.loc 1 250 25 is_stmt 0 view .LVU137
 555 004c 48F2E003 		movw	r3, #32992
 556 0050 0393     		str	r3, [sp, #12]
 251:Core/Src/stm32f4xx_hal_msp.c ****     GPIO_InitStruct.Pull = GPIO_NOPULL;
 557              		.loc 1 251 5 is_stmt 1 view .LVU138
 251:Core/Src/stm32f4xx_hal_msp.c ****     GPIO_InitStruct.Pull = GPIO_NOPULL;
 558              		.loc 1 251 26 is_stmt 0 view .LVU139
 559 0052 0223     		movs	r3, #2
 560 0054 0493     		str	r3, [sp, #16]
 252:Core/Src/stm32f4xx_hal_msp.c ****     GPIO_InitStruct.Speed = GPIO_SPEED_FREQ_VERY_HIGH;
 561              		.loc 1 252 5 is_stmt 1 view .LVU140
 253:Core/Src/stm32f4xx_hal_msp.c ****     GPIO_InitStruct.Alternate = GPIO_AF5_SPI1;
 562              		.loc 1 253 5 view .LVU141
 253:Core/Src/stm32f4xx_hal_msp.c ****     GPIO_InitStruct.Alternate = GPIO_AF5_SPI1;
 563              		.loc 1 253 27 is_stmt 0 view .LVU142
 564 0056 0323     		movs	r3, #3
 565 0058 0693     		str	r3, [sp, #24]
 254:Core/Src/stm32f4xx_hal_msp.c ****     HAL_GPIO_Init(GPIOA, &GPIO_InitStruct);
 566              		.loc 1 254 5 is_stmt 1 view .LVU143
 254:Core/Src/stm32f4xx_hal_msp.c ****     HAL_GPIO_Init(GPIOA, &GPIO_InitStruct);
 567              		.loc 1 254 31 is_stmt 0 view .LVU144
 568 005a 0523     		movs	r3, #5
 569 005c 0793     		str	r3, [sp, #28]
 255:Core/Src/stm32f4xx_hal_msp.c **** 
 570              		.loc 1 255 5 is_stmt 1 view .LVU145
ARM GAS  C:\Users\Nathan\AppData\Local\Temp\ccWdJK5T.s 			page 17


 571 005e 03A9     		add	r1, sp, #12
 572 0060 0248     		ldr	r0, .L36+4
 573              	.LVL24:
 255:Core/Src/stm32f4xx_hal_msp.c **** 
 574              		.loc 1 255 5 is_stmt 0 view .LVU146
 575 0062 FFF7FEFF 		bl	HAL_GPIO_Init
 576              	.LVL25:
 577              		.loc 1 263 1 view .LVU147
 578 0066 D7E7     		b	.L32
 579              	.L37:
 580              		.align	2
 581              	.L36:
 582 0068 00300140 		.word	1073819648
 583 006c 00000240 		.word	1073872896
 584              		.cfi_endproc
 585              	.LFE139:
 587              		.section	.text.HAL_SPI_MspDeInit,"ax",%progbits
 588              		.align	1
 589              		.global	HAL_SPI_MspDeInit
 590              		.syntax unified
 591              		.thumb
 592              		.thumb_func
 594              	HAL_SPI_MspDeInit:
 595              	.LVL26:
 596              	.LFB140:
 264:Core/Src/stm32f4xx_hal_msp.c **** 
 265:Core/Src/stm32f4xx_hal_msp.c **** /**
 266:Core/Src/stm32f4xx_hal_msp.c **** * @brief SPI MSP De-Initialization
 267:Core/Src/stm32f4xx_hal_msp.c **** * This function freeze the hardware resources used in this example
 268:Core/Src/stm32f4xx_hal_msp.c **** * @param hspi: SPI handle pointer
 269:Core/Src/stm32f4xx_hal_msp.c **** * @retval None
 270:Core/Src/stm32f4xx_hal_msp.c **** */
 271:Core/Src/stm32f4xx_hal_msp.c **** void HAL_SPI_MspDeInit(SPI_HandleTypeDef* hspi)
 272:Core/Src/stm32f4xx_hal_msp.c **** {
 597              		.loc 1 272 1 is_stmt 1 view -0
 598              		.cfi_startproc
 599              		@ args = 0, pretend = 0, frame = 0
 600              		@ frame_needed = 0, uses_anonymous_args = 0
 601              		.loc 1 272 1 is_stmt 0 view .LVU149
 602 0000 08B5     		push	{r3, lr}
 603              		.cfi_def_cfa_offset 8
 604              		.cfi_offset 3, -8
 605              		.cfi_offset 14, -4
 273:Core/Src/stm32f4xx_hal_msp.c ****   if(hspi->Instance==SPI1)
 606              		.loc 1 273 3 is_stmt 1 view .LVU150
 607              		.loc 1 273 10 is_stmt 0 view .LVU151
 608 0002 0268     		ldr	r2, [r0]
 609              		.loc 1 273 5 view .LVU152
 610 0004 074B     		ldr	r3, .L42
 611 0006 9A42     		cmp	r2, r3
 612 0008 00D0     		beq	.L41
 613              	.LVL27:
 614              	.L38:
 274:Core/Src/stm32f4xx_hal_msp.c ****   {
 275:Core/Src/stm32f4xx_hal_msp.c ****   /* USER CODE BEGIN SPI1_MspDeInit 0 */
 276:Core/Src/stm32f4xx_hal_msp.c **** 
 277:Core/Src/stm32f4xx_hal_msp.c ****   /* USER CODE END SPI1_MspDeInit 0 */
ARM GAS  C:\Users\Nathan\AppData\Local\Temp\ccWdJK5T.s 			page 18


 278:Core/Src/stm32f4xx_hal_msp.c ****     /* Peripheral clock disable */
 279:Core/Src/stm32f4xx_hal_msp.c ****     __HAL_RCC_SPI1_CLK_DISABLE();
 280:Core/Src/stm32f4xx_hal_msp.c **** 
 281:Core/Src/stm32f4xx_hal_msp.c ****     /**SPI1 GPIO Configuration
 282:Core/Src/stm32f4xx_hal_msp.c ****     PA5     ------> SPI1_SCK
 283:Core/Src/stm32f4xx_hal_msp.c ****     PA6     ------> SPI1_MISO
 284:Core/Src/stm32f4xx_hal_msp.c ****     PA7     ------> SPI1_MOSI
 285:Core/Src/stm32f4xx_hal_msp.c ****     PA15     ------> SPI1_NSS
 286:Core/Src/stm32f4xx_hal_msp.c ****     */
 287:Core/Src/stm32f4xx_hal_msp.c ****     HAL_GPIO_DeInit(GPIOA, SCK_Pin|MISO_Pin|MOSI_Pin|GPIO_PIN_15);
 288:Core/Src/stm32f4xx_hal_msp.c **** 
 289:Core/Src/stm32f4xx_hal_msp.c ****   /* USER CODE BEGIN SPI1_MspDeInit 1 */
 290:Core/Src/stm32f4xx_hal_msp.c **** 
 291:Core/Src/stm32f4xx_hal_msp.c ****   /* USER CODE END SPI1_MspDeInit 1 */
 292:Core/Src/stm32f4xx_hal_msp.c ****   }
 293:Core/Src/stm32f4xx_hal_msp.c **** 
 294:Core/Src/stm32f4xx_hal_msp.c **** }
 615              		.loc 1 294 1 view .LVU153
 616 000a 08BD     		pop	{r3, pc}
 617              	.LVL28:
 618              	.L41:
 279:Core/Src/stm32f4xx_hal_msp.c **** 
 619              		.loc 1 279 5 is_stmt 1 view .LVU154
 620 000c 064A     		ldr	r2, .L42+4
 621 000e 536C     		ldr	r3, [r2, #68]
 622 0010 23F48053 		bic	r3, r3, #4096
 623 0014 5364     		str	r3, [r2, #68]
 287:Core/Src/stm32f4xx_hal_msp.c **** 
 624              		.loc 1 287 5 view .LVU155
 625 0016 48F2E001 		movw	r1, #32992
 626 001a 0448     		ldr	r0, .L42+8
 627              	.LVL29:
 287:Core/Src/stm32f4xx_hal_msp.c **** 
 628              		.loc 1 287 5 is_stmt 0 view .LVU156
 629 001c FFF7FEFF 		bl	HAL_GPIO_DeInit
 630              	.LVL30:
 631              		.loc 1 294 1 view .LVU157
 632 0020 F3E7     		b	.L38
 633              	.L43:
 634 0022 00BF     		.align	2
 635              	.L42:
 636 0024 00300140 		.word	1073819648
 637 0028 00380240 		.word	1073887232
 638 002c 00000240 		.word	1073872896
 639              		.cfi_endproc
 640              	.LFE140:
 642              		.section	.text.HAL_UART_MspInit,"ax",%progbits
 643              		.align	1
 644              		.global	HAL_UART_MspInit
 645              		.syntax unified
 646              		.thumb
 647              		.thumb_func
 649              	HAL_UART_MspInit:
 650              	.LVL31:
 651              	.LFB141:
 295:Core/Src/stm32f4xx_hal_msp.c **** 
 296:Core/Src/stm32f4xx_hal_msp.c **** /**
ARM GAS  C:\Users\Nathan\AppData\Local\Temp\ccWdJK5T.s 			page 19


 297:Core/Src/stm32f4xx_hal_msp.c **** * @brief UART MSP Initialization
 298:Core/Src/stm32f4xx_hal_msp.c **** * This function configures the hardware resources used in this example
 299:Core/Src/stm32f4xx_hal_msp.c **** * @param huart: UART handle pointer
 300:Core/Src/stm32f4xx_hal_msp.c **** * @retval None
 301:Core/Src/stm32f4xx_hal_msp.c **** */
 302:Core/Src/stm32f4xx_hal_msp.c **** void HAL_UART_MspInit(UART_HandleTypeDef* huart)
 303:Core/Src/stm32f4xx_hal_msp.c **** {
 652              		.loc 1 303 1 is_stmt 1 view -0
 653              		.cfi_startproc
 654              		@ args = 0, pretend = 0, frame = 32
 655              		@ frame_needed = 0, uses_anonymous_args = 0
 656              		.loc 1 303 1 is_stmt 0 view .LVU159
 657 0000 00B5     		push	{lr}
 658              		.cfi_def_cfa_offset 4
 659              		.cfi_offset 14, -4
 660 0002 89B0     		sub	sp, sp, #36
 661              		.cfi_def_cfa_offset 40
 304:Core/Src/stm32f4xx_hal_msp.c ****   GPIO_InitTypeDef GPIO_InitStruct = {0};
 662              		.loc 1 304 3 is_stmt 1 view .LVU160
 663              		.loc 1 304 20 is_stmt 0 view .LVU161
 664 0004 0023     		movs	r3, #0
 665 0006 0393     		str	r3, [sp, #12]
 666 0008 0493     		str	r3, [sp, #16]
 667 000a 0593     		str	r3, [sp, #20]
 668 000c 0693     		str	r3, [sp, #24]
 669 000e 0793     		str	r3, [sp, #28]
 305:Core/Src/stm32f4xx_hal_msp.c ****   if(huart->Instance==USART1)
 670              		.loc 1 305 3 is_stmt 1 view .LVU162
 671              		.loc 1 305 11 is_stmt 0 view .LVU163
 672 0010 0268     		ldr	r2, [r0]
 673              		.loc 1 305 5 view .LVU164
 674 0012 03F18043 		add	r3, r3, #1073741824
 675 0016 03F58833 		add	r3, r3, #69632
 676 001a 9A42     		cmp	r2, r3
 677 001c 02D0     		beq	.L47
 678              	.LVL32:
 679              	.L44:
 306:Core/Src/stm32f4xx_hal_msp.c ****   {
 307:Core/Src/stm32f4xx_hal_msp.c ****   /* USER CODE BEGIN USART1_MspInit 0 */
 308:Core/Src/stm32f4xx_hal_msp.c **** 
 309:Core/Src/stm32f4xx_hal_msp.c ****   /* USER CODE END USART1_MspInit 0 */
 310:Core/Src/stm32f4xx_hal_msp.c ****     /* Peripheral clock enable */
 311:Core/Src/stm32f4xx_hal_msp.c ****     __HAL_RCC_USART1_CLK_ENABLE();
 312:Core/Src/stm32f4xx_hal_msp.c **** 
 313:Core/Src/stm32f4xx_hal_msp.c ****     __HAL_RCC_GPIOA_CLK_ENABLE();
 314:Core/Src/stm32f4xx_hal_msp.c ****     /**USART1 GPIO Configuration
 315:Core/Src/stm32f4xx_hal_msp.c ****     PA9     ------> USART1_TX
 316:Core/Src/stm32f4xx_hal_msp.c ****     PA10     ------> USART1_RX
 317:Core/Src/stm32f4xx_hal_msp.c ****     */
 318:Core/Src/stm32f4xx_hal_msp.c ****     GPIO_InitStruct.Pin = TXD_Pin|RXD_Pin;
 319:Core/Src/stm32f4xx_hal_msp.c ****     GPIO_InitStruct.Mode = GPIO_MODE_AF_PP;
 320:Core/Src/stm32f4xx_hal_msp.c ****     GPIO_InitStruct.Pull = GPIO_NOPULL;
 321:Core/Src/stm32f4xx_hal_msp.c ****     GPIO_InitStruct.Speed = GPIO_SPEED_FREQ_VERY_HIGH;
 322:Core/Src/stm32f4xx_hal_msp.c ****     GPIO_InitStruct.Alternate = GPIO_AF7_USART1;
 323:Core/Src/stm32f4xx_hal_msp.c ****     HAL_GPIO_Init(GPIOA, &GPIO_InitStruct);
 324:Core/Src/stm32f4xx_hal_msp.c **** 
 325:Core/Src/stm32f4xx_hal_msp.c ****   /* USER CODE BEGIN USART1_MspInit 1 */
ARM GAS  C:\Users\Nathan\AppData\Local\Temp\ccWdJK5T.s 			page 20


 326:Core/Src/stm32f4xx_hal_msp.c **** 
 327:Core/Src/stm32f4xx_hal_msp.c ****   /* USER CODE END USART1_MspInit 1 */
 328:Core/Src/stm32f4xx_hal_msp.c **** 
 329:Core/Src/stm32f4xx_hal_msp.c ****   }
 330:Core/Src/stm32f4xx_hal_msp.c **** 
 331:Core/Src/stm32f4xx_hal_msp.c **** }
 680              		.loc 1 331 1 view .LVU165
 681 001e 09B0     		add	sp, sp, #36
 682              		.cfi_remember_state
 683              		.cfi_def_cfa_offset 4
 684              		@ sp needed
 685 0020 5DF804FB 		ldr	pc, [sp], #4
 686              	.LVL33:
 687              	.L47:
 688              		.cfi_restore_state
 311:Core/Src/stm32f4xx_hal_msp.c **** 
 689              		.loc 1 311 5 is_stmt 1 view .LVU166
 690              	.LBB11:
 311:Core/Src/stm32f4xx_hal_msp.c **** 
 691              		.loc 1 311 5 view .LVU167
 692 0024 0021     		movs	r1, #0
 693 0026 0191     		str	r1, [sp, #4]
 311:Core/Src/stm32f4xx_hal_msp.c **** 
 694              		.loc 1 311 5 view .LVU168
 695 0028 03F59433 		add	r3, r3, #75776
 696 002c 5A6C     		ldr	r2, [r3, #68]
 697 002e 42F01002 		orr	r2, r2, #16
 698 0032 5A64     		str	r2, [r3, #68]
 311:Core/Src/stm32f4xx_hal_msp.c **** 
 699              		.loc 1 311 5 view .LVU169
 700 0034 5A6C     		ldr	r2, [r3, #68]
 701 0036 02F01002 		and	r2, r2, #16
 702 003a 0192     		str	r2, [sp, #4]
 311:Core/Src/stm32f4xx_hal_msp.c **** 
 703              		.loc 1 311 5 view .LVU170
 704 003c 019A     		ldr	r2, [sp, #4]
 705              	.LBE11:
 311:Core/Src/stm32f4xx_hal_msp.c **** 
 706              		.loc 1 311 5 view .LVU171
 313:Core/Src/stm32f4xx_hal_msp.c ****     /**USART1 GPIO Configuration
 707              		.loc 1 313 5 view .LVU172
 708              	.LBB12:
 313:Core/Src/stm32f4xx_hal_msp.c ****     /**USART1 GPIO Configuration
 709              		.loc 1 313 5 view .LVU173
 710 003e 0291     		str	r1, [sp, #8]
 313:Core/Src/stm32f4xx_hal_msp.c ****     /**USART1 GPIO Configuration
 711              		.loc 1 313 5 view .LVU174
 712 0040 1A6B     		ldr	r2, [r3, #48]
 713 0042 42F00102 		orr	r2, r2, #1
 714 0046 1A63     		str	r2, [r3, #48]
 313:Core/Src/stm32f4xx_hal_msp.c ****     /**USART1 GPIO Configuration
 715              		.loc 1 313 5 view .LVU175
 716 0048 1B6B     		ldr	r3, [r3, #48]
 717 004a 03F00103 		and	r3, r3, #1
 718 004e 0293     		str	r3, [sp, #8]
 313:Core/Src/stm32f4xx_hal_msp.c ****     /**USART1 GPIO Configuration
 719              		.loc 1 313 5 view .LVU176
ARM GAS  C:\Users\Nathan\AppData\Local\Temp\ccWdJK5T.s 			page 21


 720 0050 029B     		ldr	r3, [sp, #8]
 721              	.LBE12:
 313:Core/Src/stm32f4xx_hal_msp.c ****     /**USART1 GPIO Configuration
 722              		.loc 1 313 5 view .LVU177
 318:Core/Src/stm32f4xx_hal_msp.c ****     GPIO_InitStruct.Mode = GPIO_MODE_AF_PP;
 723              		.loc 1 318 5 view .LVU178
 318:Core/Src/stm32f4xx_hal_msp.c ****     GPIO_InitStruct.Mode = GPIO_MODE_AF_PP;
 724              		.loc 1 318 25 is_stmt 0 view .LVU179
 725 0052 4FF4C063 		mov	r3, #1536
 726 0056 0393     		str	r3, [sp, #12]
 319:Core/Src/stm32f4xx_hal_msp.c ****     GPIO_InitStruct.Pull = GPIO_NOPULL;
 727              		.loc 1 319 5 is_stmt 1 view .LVU180
 319:Core/Src/stm32f4xx_hal_msp.c ****     GPIO_InitStruct.Pull = GPIO_NOPULL;
 728              		.loc 1 319 26 is_stmt 0 view .LVU181
 729 0058 0223     		movs	r3, #2
 730 005a 0493     		str	r3, [sp, #16]
 320:Core/Src/stm32f4xx_hal_msp.c ****     GPIO_InitStruct.Speed = GPIO_SPEED_FREQ_VERY_HIGH;
 731              		.loc 1 320 5 is_stmt 1 view .LVU182
 321:Core/Src/stm32f4xx_hal_msp.c ****     GPIO_InitStruct.Alternate = GPIO_AF7_USART1;
 732              		.loc 1 321 5 view .LVU183
 321:Core/Src/stm32f4xx_hal_msp.c ****     GPIO_InitStruct.Alternate = GPIO_AF7_USART1;
 733              		.loc 1 321 27 is_stmt 0 view .LVU184
 734 005c 0323     		movs	r3, #3
 735 005e 0693     		str	r3, [sp, #24]
 322:Core/Src/stm32f4xx_hal_msp.c ****     HAL_GPIO_Init(GPIOA, &GPIO_InitStruct);
 736              		.loc 1 322 5 is_stmt 1 view .LVU185
 322:Core/Src/stm32f4xx_hal_msp.c ****     HAL_GPIO_Init(GPIOA, &GPIO_InitStruct);
 737              		.loc 1 322 31 is_stmt 0 view .LVU186
 738 0060 0723     		movs	r3, #7
 739 0062 0793     		str	r3, [sp, #28]
 323:Core/Src/stm32f4xx_hal_msp.c **** 
 740              		.loc 1 323 5 is_stmt 1 view .LVU187
 741 0064 03A9     		add	r1, sp, #12
 742 0066 0248     		ldr	r0, .L48
 743              	.LVL34:
 323:Core/Src/stm32f4xx_hal_msp.c **** 
 744              		.loc 1 323 5 is_stmt 0 view .LVU188
 745 0068 FFF7FEFF 		bl	HAL_GPIO_Init
 746              	.LVL35:
 747              		.loc 1 331 1 view .LVU189
 748 006c D7E7     		b	.L44
 749              	.L49:
 750 006e 00BF     		.align	2
 751              	.L48:
 752 0070 00000240 		.word	1073872896
 753              		.cfi_endproc
 754              	.LFE141:
 756              		.section	.text.HAL_UART_MspDeInit,"ax",%progbits
 757              		.align	1
 758              		.global	HAL_UART_MspDeInit
 759              		.syntax unified
 760              		.thumb
 761              		.thumb_func
 763              	HAL_UART_MspDeInit:
 764              	.LVL36:
 765              	.LFB142:
 332:Core/Src/stm32f4xx_hal_msp.c **** 
ARM GAS  C:\Users\Nathan\AppData\Local\Temp\ccWdJK5T.s 			page 22


 333:Core/Src/stm32f4xx_hal_msp.c **** /**
 334:Core/Src/stm32f4xx_hal_msp.c **** * @brief UART MSP De-Initialization
 335:Core/Src/stm32f4xx_hal_msp.c **** * This function freeze the hardware resources used in this example
 336:Core/Src/stm32f4xx_hal_msp.c **** * @param huart: UART handle pointer
 337:Core/Src/stm32f4xx_hal_msp.c **** * @retval None
 338:Core/Src/stm32f4xx_hal_msp.c **** */
 339:Core/Src/stm32f4xx_hal_msp.c **** void HAL_UART_MspDeInit(UART_HandleTypeDef* huart)
 340:Core/Src/stm32f4xx_hal_msp.c **** {
 766              		.loc 1 340 1 is_stmt 1 view -0
 767              		.cfi_startproc
 768              		@ args = 0, pretend = 0, frame = 0
 769              		@ frame_needed = 0, uses_anonymous_args = 0
 770              		.loc 1 340 1 is_stmt 0 view .LVU191
 771 0000 08B5     		push	{r3, lr}
 772              		.cfi_def_cfa_offset 8
 773              		.cfi_offset 3, -8
 774              		.cfi_offset 14, -4
 341:Core/Src/stm32f4xx_hal_msp.c ****   if(huart->Instance==USART1)
 775              		.loc 1 341 3 is_stmt 1 view .LVU192
 776              		.loc 1 341 11 is_stmt 0 view .LVU193
 777 0002 0268     		ldr	r2, [r0]
 778              		.loc 1 341 5 view .LVU194
 779 0004 074B     		ldr	r3, .L54
 780 0006 9A42     		cmp	r2, r3
 781 0008 00D0     		beq	.L53
 782              	.LVL37:
 783              	.L50:
 342:Core/Src/stm32f4xx_hal_msp.c ****   {
 343:Core/Src/stm32f4xx_hal_msp.c ****   /* USER CODE BEGIN USART1_MspDeInit 0 */
 344:Core/Src/stm32f4xx_hal_msp.c **** 
 345:Core/Src/stm32f4xx_hal_msp.c ****   /* USER CODE END USART1_MspDeInit 0 */
 346:Core/Src/stm32f4xx_hal_msp.c ****     /* Peripheral clock disable */
 347:Core/Src/stm32f4xx_hal_msp.c ****     __HAL_RCC_USART1_CLK_DISABLE();
 348:Core/Src/stm32f4xx_hal_msp.c **** 
 349:Core/Src/stm32f4xx_hal_msp.c ****     /**USART1 GPIO Configuration
 350:Core/Src/stm32f4xx_hal_msp.c ****     PA9     ------> USART1_TX
 351:Core/Src/stm32f4xx_hal_msp.c ****     PA10     ------> USART1_RX
 352:Core/Src/stm32f4xx_hal_msp.c ****     */
 353:Core/Src/stm32f4xx_hal_msp.c ****     HAL_GPIO_DeInit(GPIOA, TXD_Pin|RXD_Pin);
 354:Core/Src/stm32f4xx_hal_msp.c **** 
 355:Core/Src/stm32f4xx_hal_msp.c ****   /* USER CODE BEGIN USART1_MspDeInit 1 */
 356:Core/Src/stm32f4xx_hal_msp.c **** 
 357:Core/Src/stm32f4xx_hal_msp.c ****   /* USER CODE END USART1_MspDeInit 1 */
 358:Core/Src/stm32f4xx_hal_msp.c ****   }
 359:Core/Src/stm32f4xx_hal_msp.c **** 
 360:Core/Src/stm32f4xx_hal_msp.c **** }
 784              		.loc 1 360 1 view .LVU195
 785 000a 08BD     		pop	{r3, pc}
 786              	.LVL38:
 787              	.L53:
 347:Core/Src/stm32f4xx_hal_msp.c **** 
 788              		.loc 1 347 5 is_stmt 1 view .LVU196
 789 000c 064A     		ldr	r2, .L54+4
 790 000e 536C     		ldr	r3, [r2, #68]
 791 0010 23F01003 		bic	r3, r3, #16
 792 0014 5364     		str	r3, [r2, #68]
 353:Core/Src/stm32f4xx_hal_msp.c **** 
ARM GAS  C:\Users\Nathan\AppData\Local\Temp\ccWdJK5T.s 			page 23


 793              		.loc 1 353 5 view .LVU197
 794 0016 4FF4C061 		mov	r1, #1536
 795 001a 0448     		ldr	r0, .L54+8
 796              	.LVL39:
 353:Core/Src/stm32f4xx_hal_msp.c **** 
 797              		.loc 1 353 5 is_stmt 0 view .LVU198
 798 001c FFF7FEFF 		bl	HAL_GPIO_DeInit
 799              	.LVL40:
 800              		.loc 1 360 1 view .LVU199
 801 0020 F3E7     		b	.L50
 802              	.L55:
 803 0022 00BF     		.align	2
 804              	.L54:
 805 0024 00100140 		.word	1073811456
 806 0028 00380240 		.word	1073887232
 807 002c 00000240 		.word	1073872896
 808              		.cfi_endproc
 809              	.LFE142:
 811              		.text
 812              	.Letext0:
 813              		.file 2 "C:/PROGRAM FILES (X86)/ARM GNU TOOLCHAIN ARM-NONE-EABI/13.3 REL1/arm-none-eabi/include/ma
 814              		.file 3 "C:/PROGRAM FILES (X86)/ARM GNU TOOLCHAIN ARM-NONE-EABI/13.3 REL1/arm-none-eabi/include/sy
 815              		.file 4 "Drivers/CMSIS/Device/ST/STM32F4xx/Include/stm32f405xx.h"
 816              		.file 5 "Drivers/STM32F4xx_HAL_Driver/Inc/stm32f4xx_hal_def.h"
 817              		.file 6 "Drivers/STM32F4xx_HAL_Driver/Inc/stm32f4xx_hal_gpio.h"
 818              		.file 7 "Drivers/STM32F4xx_HAL_Driver/Inc/stm32f4xx_hal_dma.h"
 819              		.file 8 "Drivers/STM32F4xx_HAL_Driver/Inc/stm32f4xx_hal_i2c.h"
 820              		.file 9 "Drivers/STM32F4xx_HAL_Driver/Inc/stm32f4xx_ll_sdmmc.h"
 821              		.file 10 "Drivers/STM32F4xx_HAL_Driver/Inc/stm32f4xx_hal_sd.h"
 822              		.file 11 "Drivers/STM32F4xx_HAL_Driver/Inc/stm32f4xx_hal_spi.h"
 823              		.file 12 "Drivers/STM32F4xx_HAL_Driver/Inc/stm32f4xx_hal_uart.h"
ARM GAS  C:\Users\Nathan\AppData\Local\Temp\ccWdJK5T.s 			page 24


DEFINED SYMBOLS
                            *ABS*:00000000 stm32f4xx_hal_msp.c
C:\Users\Nathan\AppData\Local\Temp\ccWdJK5T.s:21     .text.HAL_MspInit:00000000 $t
C:\Users\Nathan\AppData\Local\Temp\ccWdJK5T.s:27     .text.HAL_MspInit:00000000 HAL_MspInit
C:\Users\Nathan\AppData\Local\Temp\ccWdJK5T.s:78     .text.HAL_MspInit:00000034 $d
C:\Users\Nathan\AppData\Local\Temp\ccWdJK5T.s:83     .text.HAL_I2C_MspInit:00000000 $t
C:\Users\Nathan\AppData\Local\Temp\ccWdJK5T.s:89     .text.HAL_I2C_MspInit:00000000 HAL_I2C_MspInit
C:\Users\Nathan\AppData\Local\Temp\ccWdJK5T.s:193    .text.HAL_I2C_MspInit:00000064 $d
C:\Users\Nathan\AppData\Local\Temp\ccWdJK5T.s:200    .text.HAL_I2C_MspDeInit:00000000 $t
C:\Users\Nathan\AppData\Local\Temp\ccWdJK5T.s:206    .text.HAL_I2C_MspDeInit:00000000 HAL_I2C_MspDeInit
C:\Users\Nathan\AppData\Local\Temp\ccWdJK5T.s:250    .text.HAL_I2C_MspDeInit:0000002c $d
C:\Users\Nathan\AppData\Local\Temp\ccWdJK5T.s:257    .text.HAL_SD_MspInit:00000000 $t
C:\Users\Nathan\AppData\Local\Temp\ccWdJK5T.s:263    .text.HAL_SD_MspInit:00000000 HAL_SD_MspInit
C:\Users\Nathan\AppData\Local\Temp\ccWdJK5T.s:406    .text.HAL_SD_MspInit:00000094 $d
C:\Users\Nathan\AppData\Local\Temp\ccWdJK5T.s:413    .text.HAL_SD_MspDeInit:00000000 $t
C:\Users\Nathan\AppData\Local\Temp\ccWdJK5T.s:419    .text.HAL_SD_MspDeInit:00000000 HAL_SD_MspDeInit
C:\Users\Nathan\AppData\Local\Temp\ccWdJK5T.s:466    .text.HAL_SD_MspDeInit:0000002c $d
C:\Users\Nathan\AppData\Local\Temp\ccWdJK5T.s:474    .text.HAL_SPI_MspInit:00000000 $t
C:\Users\Nathan\AppData\Local\Temp\ccWdJK5T.s:480    .text.HAL_SPI_MspInit:00000000 HAL_SPI_MspInit
C:\Users\Nathan\AppData\Local\Temp\ccWdJK5T.s:582    .text.HAL_SPI_MspInit:00000068 $d
C:\Users\Nathan\AppData\Local\Temp\ccWdJK5T.s:588    .text.HAL_SPI_MspDeInit:00000000 $t
C:\Users\Nathan\AppData\Local\Temp\ccWdJK5T.s:594    .text.HAL_SPI_MspDeInit:00000000 HAL_SPI_MspDeInit
C:\Users\Nathan\AppData\Local\Temp\ccWdJK5T.s:636    .text.HAL_SPI_MspDeInit:00000024 $d
C:\Users\Nathan\AppData\Local\Temp\ccWdJK5T.s:643    .text.HAL_UART_MspInit:00000000 $t
C:\Users\Nathan\AppData\Local\Temp\ccWdJK5T.s:649    .text.HAL_UART_MspInit:00000000 HAL_UART_MspInit
C:\Users\Nathan\AppData\Local\Temp\ccWdJK5T.s:752    .text.HAL_UART_MspInit:00000070 $d
C:\Users\Nathan\AppData\Local\Temp\ccWdJK5T.s:757    .text.HAL_UART_MspDeInit:00000000 $t
C:\Users\Nathan\AppData\Local\Temp\ccWdJK5T.s:763    .text.HAL_UART_MspDeInit:00000000 HAL_UART_MspDeInit
C:\Users\Nathan\AppData\Local\Temp\ccWdJK5T.s:805    .text.HAL_UART_MspDeInit:00000024 $d

UNDEFINED SYMBOLS
HAL_GPIO_Init
HAL_GPIO_DeInit
