ARM GAS  C:\Users\Nathan\AppData\Local\Temp\ccBDpZV5.s 			page 1


   1              		.cpu cortex-m4
   2              		.arch armv7e-m
   3              		.fpu fpv4-sp-d16
   4              		.eabi_attribute 27, 1
   5              		.eabi_attribute 28, 1
   6              		.eabi_attribute 20, 1
   7              		.eabi_attribute 21, 1
   8              		.eabi_attribute 23, 3
   9              		.eabi_attribute 24, 1
  10              		.eabi_attribute 25, 1
  11              		.eabi_attribute 26, 1
  12              		.eabi_attribute 30, 1
  13              		.eabi_attribute 34, 1
  14              		.eabi_attribute 18, 4
  15              		.file	"diskio.c"
  16              		.text
  17              		.section	.text.disk_status,"ax",%progbits
  18              		.align	1
  19              		.global	disk_status
  20              		.syntax unified
  21              		.thumb
  22              		.thumb_func
  24              	disk_status:
  25              		@ args = 0, pretend = 0, frame = 0
  26              		@ frame_needed = 0, uses_anonymous_args = 0
  27 0000 08B5     		push	{r3, lr}
  28 0002 044B     		ldr	r3, .L3
  29 0004 03EB8002 		add	r2, r3, r0, lsl #2
  30 0008 5268     		ldr	r2, [r2, #4]
  31 000a 5268     		ldr	r2, [r2, #4]
  32 000c 0344     		add	r3, r3, r0
  33 000e 187A     		ldrb	r0, [r3, #8]	@ zero_extendqisi2
  34 0010 9047     		blx	r2
  35 0012 08BD     		pop	{r3, pc}
  36              	.L4:
  37              		.align	2
  38              	.L3:
  39 0014 00000000 		.word	disk
  41              		.section	.text.disk_initialize,"ax",%progbits
  42              		.align	1
  43              		.global	disk_initialize
  44              		.syntax unified
  45              		.thumb
  46              		.thumb_func
  48              	disk_initialize:
  49              		@ args = 0, pretend = 0, frame = 0
  50              		@ frame_needed = 0, uses_anonymous_args = 0
  51 0000 094B     		ldr	r3, .L12
  52 0002 1B5C     		ldrb	r3, [r3, r0]	@ zero_extendqisi2
  53 0004 73B9     		cbnz	r3, .L7
  54 0006 10B5     		push	{r4, lr}
  55 0008 0446     		mov	r4, r0
  56 000a 074B     		ldr	r3, .L12
  57 000c 03EB8002 		add	r2, r3, r0, lsl #2
  58 0010 5268     		ldr	r2, [r2, #4]
  59 0012 1268     		ldr	r2, [r2]
  60 0014 0344     		add	r3, r3, r0
ARM GAS  C:\Users\Nathan\AppData\Local\Temp\ccBDpZV5.s 			page 2


  61 0016 187A     		ldrb	r0, [r3, #8]	@ zero_extendqisi2
  62 0018 9047     		blx	r2
  63 001a 10B9     		cbnz	r0, .L6
  64 001c 024B     		ldr	r3, .L12
  65 001e 0122     		movs	r2, #1
  66 0020 1A55     		strb	r2, [r3, r4]
  67              	.L6:
  68 0022 10BD     		pop	{r4, pc}
  69              	.L7:
  70 0024 0020     		movs	r0, #0
  71 0026 7047     		bx	lr
  72              	.L13:
  73              		.align	2
  74              	.L12:
  75 0028 00000000 		.word	disk
  77              		.section	.text.disk_read,"ax",%progbits
  78              		.align	1
  79              		.global	disk_read
  80              		.syntax unified
  81              		.thumb
  82              		.thumb_func
  84              	disk_read:
  85              		@ args = 0, pretend = 0, frame = 0
  86              		@ frame_needed = 0, uses_anonymous_args = 0
  87 0000 38B5     		push	{r3, r4, r5, lr}
  88 0002 044C     		ldr	r4, .L16
  89 0004 04EB8005 		add	r5, r4, r0, lsl #2
  90 0008 6D68     		ldr	r5, [r5, #4]
  91 000a AD68     		ldr	r5, [r5, #8]
  92 000c 0444     		add	r4, r4, r0
  93 000e 207A     		ldrb	r0, [r4, #8]	@ zero_extendqisi2
  94 0010 A847     		blx	r5
  95 0012 38BD     		pop	{r3, r4, r5, pc}
  96              	.L17:
  97              		.align	2
  98              	.L16:
  99 0014 00000000 		.word	disk
 101              		.section	.text.disk_write,"ax",%progbits
 102              		.align	1
 103              		.global	disk_write
 104              		.syntax unified
 105              		.thumb
 106              		.thumb_func
 108              	disk_write:
 109              		@ args = 0, pretend = 0, frame = 0
 110              		@ frame_needed = 0, uses_anonymous_args = 0
 111 0000 38B5     		push	{r3, r4, r5, lr}
 112 0002 044C     		ldr	r4, .L20
 113 0004 04EB8005 		add	r5, r4, r0, lsl #2
 114 0008 6D68     		ldr	r5, [r5, #4]
 115 000a ED68     		ldr	r5, [r5, #12]
 116 000c 0444     		add	r4, r4, r0
 117 000e 207A     		ldrb	r0, [r4, #8]	@ zero_extendqisi2
 118 0010 A847     		blx	r5
 119 0012 38BD     		pop	{r3, r4, r5, pc}
 120              	.L21:
 121              		.align	2
ARM GAS  C:\Users\Nathan\AppData\Local\Temp\ccBDpZV5.s 			page 3


 122              	.L20:
 123 0014 00000000 		.word	disk
 125              		.section	.text.disk_ioctl,"ax",%progbits
 126              		.align	1
 127              		.global	disk_ioctl
 128              		.syntax unified
 129              		.thumb
 130              		.thumb_func
 132              	disk_ioctl:
 133              		@ args = 0, pretend = 0, frame = 0
 134              		@ frame_needed = 0, uses_anonymous_args = 0
 135 0000 10B5     		push	{r4, lr}
 136 0002 044B     		ldr	r3, .L24
 137 0004 03EB8004 		add	r4, r3, r0, lsl #2
 138 0008 6468     		ldr	r4, [r4, #4]
 139 000a 2469     		ldr	r4, [r4, #16]
 140 000c 0344     		add	r3, r3, r0
 141 000e 187A     		ldrb	r0, [r3, #8]	@ zero_extendqisi2
 142 0010 A047     		blx	r4
 143 0012 10BD     		pop	{r4, pc}
 144              	.L25:
 145              		.align	2
 146              	.L24:
 147 0014 00000000 		.word	disk
 149              		.section	.text.get_fattime,"ax",%progbits
 150              		.align	1
 151              		.weak	get_fattime
 152              		.syntax unified
 153              		.thumb
 154              		.thumb_func
 156              	get_fattime:
 157              		@ args = 0, pretend = 0, frame = 0
 158              		@ frame_needed = 0, uses_anonymous_args = 0
 159              		@ link register save eliminated.
 160 0000 0020     		movs	r0, #0
 161 0002 7047     		bx	lr
 163              		.ident	"GCC: (Arm GNU Toolchain 13.3.Rel1 (Build arm-13.24)) 13.3.1 20240614"
ARM GAS  C:\Users\Nathan\AppData\Local\Temp\ccBDpZV5.s 			page 4


DEFINED SYMBOLS
                            *ABS*:00000000 diskio.c
C:\Users\Nathan\AppData\Local\Temp\ccBDpZV5.s:18     .text.disk_status:00000000 $t
C:\Users\Nathan\AppData\Local\Temp\ccBDpZV5.s:24     .text.disk_status:00000000 disk_status
C:\Users\Nathan\AppData\Local\Temp\ccBDpZV5.s:39     .text.disk_status:00000014 $d
C:\Users\Nathan\AppData\Local\Temp\ccBDpZV5.s:42     .text.disk_initialize:00000000 $t
C:\Users\Nathan\AppData\Local\Temp\ccBDpZV5.s:48     .text.disk_initialize:00000000 disk_initialize
C:\Users\Nathan\AppData\Local\Temp\ccBDpZV5.s:75     .text.disk_initialize:00000028 $d
C:\Users\Nathan\AppData\Local\Temp\ccBDpZV5.s:78     .text.disk_read:00000000 $t
C:\Users\Nathan\AppData\Local\Temp\ccBDpZV5.s:84     .text.disk_read:00000000 disk_read
C:\Users\Nathan\AppData\Local\Temp\ccBDpZV5.s:99     .text.disk_read:00000014 $d
C:\Users\Nathan\AppData\Local\Temp\ccBDpZV5.s:102    .text.disk_write:00000000 $t
C:\Users\Nathan\AppData\Local\Temp\ccBDpZV5.s:108    .text.disk_write:00000000 disk_write
C:\Users\Nathan\AppData\Local\Temp\ccBDpZV5.s:123    .text.disk_write:00000014 $d
C:\Users\Nathan\AppData\Local\Temp\ccBDpZV5.s:126    .text.disk_ioctl:00000000 $t
C:\Users\Nathan\AppData\Local\Temp\ccBDpZV5.s:132    .text.disk_ioctl:00000000 disk_ioctl
C:\Users\Nathan\AppData\Local\Temp\ccBDpZV5.s:147    .text.disk_ioctl:00000014 $d
C:\Users\Nathan\AppData\Local\Temp\ccBDpZV5.s:150    .text.get_fattime:00000000 $t
C:\Users\Nathan\AppData\Local\Temp\ccBDpZV5.s:156    .text.get_fattime:00000000 get_fattime

UNDEFINED SYMBOLS
disk
